Flow report for blatt01
Wed May 23 01:25:25 2018
Quartus Prime Version 18.0.0 Build 614 04/24/2018 SJ Lite Edition


---------------------
; Table of Contents ;
---------------------
  1. Legal Notice
  2. Flow Summary
  3. Flow Settings
  4. Flow Non-Default Global Settings
  5. Flow Elapsed Time
  6. Flow OS Summary
  7. Flow Log
  8. Flow Messages
  9. Flow Suppressed Messages



----------------
; Legal Notice ;
----------------
Copyright (C) 2018  Intel Corporation. All rights reserved.
Your use of Intel Corporation's design tools, logic functions 
and other software and tools, and its AMPP partner logic 
functions, and any output files from any of the foregoing 
(including device programming or simulation files), and any 
associated documentation or information are expressly subject 
to the terms and conditions of the Intel Program License 
Subscription Agreement, the Intel Quartus Prime License Agreement,
the Intel FPGA IP License Agreement, or other applicable license
agreement, including, without limitation, that your use is for
the sole purpose of programming logic devices manufactured by
Intel and sold by Intel or its authorized distributors.  Please
refer to the applicable agreement for further details.



+----------------------------------------------------------------------------------+
; Flow Summary                                                                     ;
+------------------------------------+---------------------------------------------+
; Flow Status                        ; Successful - Wed May 23 01:25:25 2018       ;
; Quartus Prime Version              ; 18.0.0 Build 614 04/24/2018 SJ Lite Edition ;
; Revision Name                      ; blatt01                                     ;
; Top-level Entity Name              ; conditionalSum                              ;
; Family                             ; Cyclone IV E                                ;
; Total logic elements               ; 4 / 6,272 ( < 1 % )                         ;
;     Total combinational functions  ; 4 / 6,272 ( < 1 % )                         ;
;     Dedicated logic registers      ; 0 / 6,272 ( 0 % )                           ;
; Total registers                    ; 0                                           ;
; Total pins                         ; 8 / 92 ( 9 % )                              ;
; Total virtual pins                 ; 0                                           ;
; Total memory bits                  ; 0 / 276,480 ( 0 % )                         ;
; Embedded Multiplier 9-bit elements ; 0 / 30 ( 0 % )                              ;
; Total PLLs                         ; 0 / 2 ( 0 % )                               ;
; Device                             ; EP4CE6E22C6                                 ;
; Timing Models                      ; Final                                       ;
+------------------------------------+---------------------------------------------+


+-----------------------------------------+
; Flow Settings                           ;
+-------------------+---------------------+
; Option            ; Setting             ;
+-------------------+---------------------+
; Start date & time ; 05/23/2018 01:24:23 ;
; Main task         ; Compilation         ;
; Revision Name     ; blatt01             ;
+-------------------+---------------------+


+-------------------------------------------------------------------------------------------------------------------------------------------------+
; Flow Non-Default Global Settings                                                                                                                ;
+--------------------------------------+--------------------------------------------+---------------+----------------+----------------------------+
; Assignment Name                      ; Value                                      ; Default Value ; Entity Name    ; Section Id                 ;
+--------------------------------------+--------------------------------------------+---------------+----------------+----------------------------+
; COMPILER_SIGNATURE_ID                ; 66903433533188.152703146301568             ; --            ; --             ; --                         ;
; EDA_DESIGN_INSTANCE_NAME             ; i1                                         ; --            ; --             ; carry_ripple_vhd_tst       ;
; EDA_DESIGN_INSTANCE_NAME             ; i1                                         ; --            ; --             ; zweibitmultiplexer_vhd_tst ;
; EDA_NATIVELINK_SIMULATION_TEST_BENCH ; zweibitmultiplexer_vhd_tst                 ; --            ; --             ; eda_simulation             ;
; EDA_OUTPUT_DATA_FORMAT               ; Vhdl                                       ; --            ; --             ; eda_simulation             ;
; EDA_SIMULATION_TOOL                  ; ModelSim-Altera (VHDL)                     ; <None>        ; --             ; --                         ;
; EDA_TEST_BENCH_ENABLE_STATUS         ; TEST_BENCH_MODE                            ; --            ; --             ; eda_simulation             ;
; EDA_TEST_BENCH_FILE                  ; simulation/modelsim/carry_ripple.vht       ; --            ; --             ; carry_ripple_vhd_tst       ;
; EDA_TEST_BENCH_FILE                  ; simulation/modelsim/zweibitmultiplexer.vht ; --            ; --             ; zweibitmultiplexer_vhd_tst ;
; EDA_TEST_BENCH_MODULE_NAME           ; carry_ripple_vhd_tst                       ; --            ; --             ; carry_ripple_vhd_tst       ;
; EDA_TEST_BENCH_MODULE_NAME           ; zweibitmultiplexer_vhd_tst                 ; --            ; --             ; zweibitmultiplexer_vhd_tst ;
; EDA_TEST_BENCH_NAME                  ; carry_ripple_vhd_tst                       ; --            ; --             ; eda_simulation             ;
; EDA_TEST_BENCH_NAME                  ; zweibitmultiplexer_vhd_tst                 ; --            ; --             ; eda_simulation             ;
; EDA_TIME_SCALE                       ; 1 ps                                       ; --            ; --             ; eda_simulation             ;
; PARTITION_COLOR                      ; -- (Not supported for targeted family)     ; --            ; conditionalSum ; Top                        ;
; PARTITION_FITTER_PRESERVATION_LEVEL  ; -- (Not supported for targeted family)     ; --            ; conditionalSum ; Top                        ;
; PARTITION_NETLIST_TYPE               ; -- (Not supported for targeted family)     ; --            ; conditionalSum ; Top                        ;
; PROJECT_OUTPUT_DIRECTORY             ; output_files                               ; --            ; --             ; --                         ;
; TOP_LEVEL_ENTITY                     ; conditionalSum                             ; blatt01       ; --             ; --                         ;
+--------------------------------------+--------------------------------------------+---------------+----------------+----------------------------+


+--------------------------------------------------------------------------------------------------------------------------+
; Flow Elapsed Time                                                                                                        ;
+----------------------+--------------+-------------------------+---------------------+------------------------------------+
; Module Name          ; Elapsed Time ; Average Processors Used ; Peak Virtual Memory ; Total CPU Time (on all processors) ;
+----------------------+--------------+-------------------------+---------------------+------------------------------------+
; Analysis & Synthesis ; 00:00:12     ; 1.0                     ; 713 MB              ; 00:00:27                           ;
; Fitter               ; 00:00:04     ; 1.0                     ; 1430 MB             ; 00:00:04                           ;
; Assembler            ; 00:00:01     ; 1.0                     ; 592 MB              ; 00:00:01                           ;
; Timing Analyzer      ; 00:00:02     ; 1.0                     ; 691 MB              ; 00:00:02                           ;
; EDA Netlist Writer   ; 00:00:01     ; 1.0                     ; 561 MB              ; 00:00:01                           ;
; EDA Netlist Writer   ; 00:00:01     ; 1.0                     ; 544 MB              ; 00:00:01                           ;
; Total                ; 00:00:21     ; --                      ; --                  ; 00:00:36                           ;
+----------------------+--------------+-------------------------+---------------------+------------------------------------+


+------------------------------------------------------------------------------------+
; Flow OS Summary                                                                    ;
+----------------------+------------------+------------+------------+----------------+
; Module Name          ; Machine Hostname ; OS Name    ; OS Version ; Processor type ;
+----------------------+------------------+------------+------------+----------------+
; Analysis & Synthesis ; DESKTOP-AA3QUMM  ; Windows 10 ; 10.0       ; x86_64         ;
; Fitter               ; DESKTOP-AA3QUMM  ; Windows 10 ; 10.0       ; x86_64         ;
; Assembler            ; DESKTOP-AA3QUMM  ; Windows 10 ; 10.0       ; x86_64         ;
; Timing Analyzer      ; DESKTOP-AA3QUMM  ; Windows 10 ; 10.0       ; x86_64         ;
; EDA Netlist Writer   ; DESKTOP-AA3QUMM  ; Windows 10 ; 10.0       ; x86_64         ;
; EDA Netlist Writer   ; DESKTOP-AA3QUMM  ; Windows 10 ; 10.0       ; x86_64         ;
+----------------------+------------------+------------+------------+----------------+


------------
; Flow Log ;
------------
quartus_map --read_settings_files=on --write_settings_files=off blatt01 -c blatt01
quartus_fit --read_settings_files=off --write_settings_files=off blatt01 -c blatt01
quartus_asm --read_settings_files=off --write_settings_files=off blatt01 -c blatt01
quartus_sta blatt01 -c blatt01
quartus_eda --read_settings_files=off --write_settings_files=off blatt01 -c blatt01
quartus_eda --read_settings_files=on --write_settings_files=off blatt01 -c blatt01 --gen_testbench



