Restore Archived Project report for gSensorReader
Tue Jun 26 13:29:00 2018
Quartus Prime Version 18.0.0 Build 614 04/24/2018 SJ Lite Edition


---------------------
; Table of Contents ;
---------------------
  1. Legal Notice
  2. Restore Archived Project Summary
  3. Restore Archived Project Messages
  4. Files Restored
  5. Files Not Restored



----------------
; Legal Notice ;
----------------
Copyright (C) 2018  Intel Corporation. All rights reserved.
Your use of Intel Corporation's design tools, logic functions 
and other software and tools, and its AMPP partner logic 
functions, and any output files from any of the foregoing 
(including device programming or simulation files), and any 
associated documentation or information are expressly subject 
to the terms and conditions of the Intel Program License 
Subscription Agreement, the Intel Quartus Prime License Agreement,
the Intel FPGA IP License Agreement, or other applicable license
agreement, including, without limitation, that your use is for
the sole purpose of programming logic devices manufactured by
Intel and sold by Intel or its authorized distributors.  Please
refer to the applicable agreement for further details.



+-------------------------------------------------------------------------+
; Restore Archived Project Summary                                        ;
+---------------------------------+---------------------------------------+
; Restore Archived Project Status ; Successful - Tue Jun 26 13:29:00 2018 ;
; Revision Name                   ; gSensorReader                         ;
; Top-level Entity Name           ; g_reader                              ;
; Family                          ; Cyclone IV E                          ;
+---------------------------------+---------------------------------------+


+-----------------------------------+
; Restore Archived Project Messages ;
+-----------------------------------+
Info: Successfully restored 'C:/Users/Quoc-Huy/Documents/GitHub/HWP/huy/Blatt 07/gSensorReader.qar' into the 'C:/Users/Quoc-Huy/Documents/GitHub/HWP/huy/Blatt 07/gSensorReader_restored/' directory
Info: Generated report 'gSensorReader.restore.rpt'
Info (23030): Evaluation of Tcl script c:/intelfpga_lite/18.0/quartus/common/tcl/apps/qpm/qar.tcl was successful
Info: Quartus Prime Shell was successful. 0 errors, 0 warnings
    Info: Peak virtual memory: 4837 megabytes
    Info: Processing ended: Tue Jun 26 13:29:00 2018
    Info: Elapsed time: 00:00:01
    Info: Total CPU time (on all processors): 00:00:01


+---------------------------------------+
; Files Restored                        ;
+---------------------------------------+
; File Name                             ;
+---------------------------------------+
; qar_info.json                         ;
; binaryToDecimal.vhd                   ;
; dataToLcd.vhd                         ;
; gSensorReader.qpf                     ;
; gSensorReader.qsf                     ;
; gSensorReader_assignment_defaults.qdf ;
; gSensorToLCD.bdf                      ;
; g_reader.vhd                          ;
; lcd_driver.vhd                        ;
; simulation/modelsim/g_reader.vht      ;
+---------------------------------------+


+--------------------+
; Files Not Restored ;
+--------------------+
; File Name          ;
+--------------------+


