Analysis & Synthesis report for Counter
Thu Jun 07 18:08:28 2018
Quartus Prime Version 18.0.0 Build 614 04/24/2018 SJ Lite Edition


---------------------
; Table of Contents ;
---------------------
  1. Legal Notice
  2. Analysis & Synthesis Summary
  3. Analysis & Synthesis Settings
  4. Parallel Compilation
  5. Analysis & Synthesis Source Files Read
  6. Analysis & Synthesis Resource Usage Summary
  7. Analysis & Synthesis Resource Utilization by Entity
  8. User-Specified and Inferred Latches
  9. General Register Statistics
 10. Post-Synthesis Netlist Statistics for Top Partition
 11. Elapsed Time Per Partition
 12. Analysis & Synthesis Messages



----------------
; Legal Notice ;
----------------
Copyright (C) 2018  Intel Corporation. All rights reserved.
Your use of Intel Corporation's design tools, logic functions 
and other software and tools, and its AMPP partner logic 
functions, and any output files from any of the foregoing 
(including device programming or simulation files), and any 
associated documentation or information are expressly subject 
to the terms and conditions of the Intel Program License 
Subscription Agreement, the Intel Quartus Prime License Agreement,
the Intel FPGA IP License Agreement, or other applicable license
agreement, including, without limitation, that your use is for
the sole purpose of programming logic devices manufactured by
Intel and sold by Intel or its authorized distributors.  Please
refer to the applicable agreement for further details.



+----------------------------------------------------------------------------------+
; Analysis & Synthesis Summary                                                     ;
+------------------------------------+---------------------------------------------+
; Analysis & Synthesis Status        ; Successful - Thu Jun 07 18:08:28 2018       ;
; Quartus Prime Version              ; 18.0.0 Build 614 04/24/2018 SJ Lite Edition ;
; Revision Name                      ; Counter                                     ;
; Top-level Entity Name              ; CounterWithOutput                           ;
; Family                             ; Cyclone IV E                                ;
; Total logic elements               ; 145                                         ;
;     Total combinational functions  ; 132                                         ;
;     Dedicated logic registers      ; 61                                          ;
; Total registers                    ; 61                                          ;
; Total pins                         ; 8                                           ;
; Total virtual pins                 ; 0                                           ;
; Total memory bits                  ; 0                                           ;
; Embedded Multiplier 9-bit elements ; 0                                           ;
; Total PLLs                         ; 0                                           ;
+------------------------------------+---------------------------------------------+


+------------------------------------------------------------------------------------------------------------+
; Analysis & Synthesis Settings                                                                              ;
+------------------------------------------------------------------+--------------------+--------------------+
; Option                                                           ; Setting            ; Default Value      ;
+------------------------------------------------------------------+--------------------+--------------------+
; Device                                                           ; EP4CE22F17C6       ;                    ;
; Top-level entity name                                            ; CounterWithOutput  ; Counter            ;
; Family name                                                      ; Cyclone IV E       ; Cyclone IV GX      ;
; Use smart compilation                                            ; Off                ; Off                ;
; Enable parallel Assembler and Timing Analyzer during compilation ; On                 ; On                 ;
; Enable compact report table                                      ; Off                ; Off                ;
; Restructure Multiplexers                                         ; Auto               ; Auto               ;
; Create Debugging Nodes for IP Cores                              ; Off                ; Off                ;
; Preserve fewer node names                                        ; On                 ; On                 ;
; Intel FPGA IP Evaluation Mode                                    ; Enable             ; Enable             ;
; Verilog Version                                                  ; Verilog_2001       ; Verilog_2001       ;
; VHDL Version                                                     ; VHDL_1993          ; VHDL_1993          ;
; State Machine Processing                                         ; Auto               ; Auto               ;
; Safe State Machine                                               ; Off                ; Off                ;
; Extract Verilog State Machines                                   ; On                 ; On                 ;
; Extract VHDL State Machines                                      ; On                 ; On                 ;
; Ignore Verilog initial constructs                                ; Off                ; Off                ;
; Iteration limit for constant Verilog loops                       ; 5000               ; 5000               ;
; Iteration limit for non-constant Verilog loops                   ; 250                ; 250                ;
; Add Pass-Through Logic to Inferred RAMs                          ; On                 ; On                 ;
; Infer RAMs from Raw Logic                                        ; On                 ; On                 ;
; Parallel Synthesis                                               ; On                 ; On                 ;
; DSP Block Balancing                                              ; Auto               ; Auto               ;
; NOT Gate Push-Back                                               ; On                 ; On                 ;
; Power-Up Don't Care                                              ; On                 ; On                 ;
; Remove Redundant Logic Cells                                     ; Off                ; Off                ;
; Remove Duplicate Registers                                       ; On                 ; On                 ;
; Ignore CARRY Buffers                                             ; Off                ; Off                ;
; Ignore CASCADE Buffers                                           ; Off                ; Off                ;
; Ignore GLOBAL Buffers                                            ; Off                ; Off                ;
; Ignore ROW GLOBAL Buffers                                        ; Off                ; Off                ;
; Ignore LCELL Buffers                                             ; Off                ; Off                ;
; Ignore SOFT Buffers                                              ; On                 ; On                 ;
; Limit AHDL Integers to 32 Bits                                   ; Off                ; Off                ;
; Optimization Technique                                           ; Balanced           ; Balanced           ;
; Carry Chain Length                                               ; 70                 ; 70                 ;
; Auto Carry Chains                                                ; On                 ; On                 ;
; Auto Open-Drain Pins                                             ; On                 ; On                 ;
; Perform WYSIWYG Primitive Resynthesis                            ; Off                ; Off                ;
; Auto ROM Replacement                                             ; On                 ; On                 ;
; Auto RAM Replacement                                             ; On                 ; On                 ;
; Auto DSP Block Replacement                                       ; On                 ; On                 ;
; Auto Shift Register Replacement                                  ; Auto               ; Auto               ;
; Allow Shift Register Merging across Hierarchies                  ; Auto               ; Auto               ;
; Auto Clock Enable Replacement                                    ; On                 ; On                 ;
; Strict RAM Replacement                                           ; Off                ; Off                ;
; Allow Synchronous Control Signals                                ; On                 ; On                 ;
; Force Use of Synchronous Clear Signals                           ; Off                ; Off                ;
; Auto RAM Block Balancing                                         ; On                 ; On                 ;
; Auto RAM to Logic Cell Conversion                                ; Off                ; Off                ;
; Auto Resource Sharing                                            ; Off                ; Off                ;
; Allow Any RAM Size For Recognition                               ; Off                ; Off                ;
; Allow Any ROM Size For Recognition                               ; Off                ; Off                ;
; Allow Any Shift Register Size For Recognition                    ; Off                ; Off                ;
; Use LogicLock Constraints during Resource Balancing              ; On                 ; On                 ;
; Ignore translate_off and synthesis_off directives                ; Off                ; Off                ;
; Timing-Driven Synthesis                                          ; On                 ; On                 ;
; Report Parameter Settings                                        ; On                 ; On                 ;
; Report Source Assignments                                        ; On                 ; On                 ;
; Report Connectivity Checks                                       ; On                 ; On                 ;
; Ignore Maximum Fan-Out Assignments                               ; Off                ; Off                ;
; Synchronization Register Chain Length                            ; 2                  ; 2                  ;
; Power Optimization During Synthesis                              ; Normal compilation ; Normal compilation ;
; HDL message level                                                ; Level2             ; Level2             ;
; Suppress Register Optimization Related Messages                  ; Off                ; Off                ;
; Number of Removed Registers Reported in Synthesis Report         ; 5000               ; 5000               ;
; Number of Swept Nodes Reported in Synthesis Report               ; 5000               ; 5000               ;
; Number of Inverted Registers Reported in Synthesis Report        ; 100                ; 100                ;
; Clock MUX Protection                                             ; On                 ; On                 ;
; Auto Gated Clock Conversion                                      ; Off                ; Off                ;
; Block Design Naming                                              ; Auto               ; Auto               ;
; SDC constraint protection                                        ; Off                ; Off                ;
; Synthesis Effort                                                 ; Auto               ; Auto               ;
; Shift Register Replacement - Allow Asynchronous Clear Signal     ; On                 ; On                 ;
; Pre-Mapping Resynthesis Optimization                             ; Off                ; Off                ;
; Analysis & Synthesis Message Level                               ; Medium             ; Medium             ;
; Disable Register Merging Across Hierarchies                      ; Auto               ; Auto               ;
; Resource Aware Inference For Block RAM                           ; On                 ; On                 ;
+------------------------------------------------------------------+--------------------+--------------------+


+------------------------------------------+
; Parallel Compilation                     ;
+----------------------------+-------------+
; Processors                 ; Number      ;
+----------------------------+-------------+
; Number detected on machine ; 8           ;
; Maximum allowed            ; 4           ;
;                            ;             ;
; Average used               ; 1.00        ;
; Maximum used               ; 4           ;
;                            ;             ;
; Usage by Processor         ; % Time Used ;
;     Processor 1            ; 100.0%      ;
;     Processors 2-4         ;   0.0%      ;
+----------------------------+-------------+


+-------------------------------------------------------------------------------------------------------------------------------------------------------------------------------------------------------------------------------------+
; Analysis & Synthesis Source Files Read                                                                                                                                                                                              ;
+----------------------------------+-----------------+------------------------------------+---------------------------------------------------------------------------------------------------------------------------------+---------+
; File Name with User-Entered Path ; Used in Netlist ; File Type                          ; File Name with Absolute Path                                                                                                    ; Library ;
+----------------------------------+-----------------+------------------------------------+---------------------------------------------------------------------------------------------------------------------------------+---------+
; vhdl/analog_to_buttons.vhd       ; yes             ; User VHDL File                     ; C:/Users/moren/BoS_Informatik/Semester_2/Mobiles_Hardware_Praktikum/Abgaben/HWP/moreno/ex05_restored/vhdl/analog_to_buttons.vhd ;         ;
; vhdl/adcReader.vhd               ; yes             ; User VHDL File                     ; C:/Users/moren/BoS_Informatik/Semester_2/Mobiles_Hardware_Praktikum/Abgaben/HWP/moreno/ex05_restored/vhdl/adcReader.vhd         ;         ;
; myCounter.vhd                    ; yes             ; User VHDL File                     ; C:/Users/moren/BoS_Informatik/Semester_2/Mobiles_Hardware_Praktikum/Abgaben/HWP/moreno/ex05_restored/myCounter.vhd              ;         ;
; CounterWithOutput.bdf            ; yes             ; User Block Diagram/Schematic File  ; C:/Users/moren/BoS_Informatik/Semester_2/Mobiles_Hardware_Praktikum/Abgaben/HWP/moreno/ex05_restored/CounterWithOutput.bdf      ;         ;
; Vhdl1.vhd                        ; yes             ; User VHDL File                     ; C:/Users/moren/BoS_Informatik/Semester_2/Mobiles_Hardware_Praktikum/Abgaben/HWP/moreno/ex05_restored/Vhdl1.vhd                  ;         ;
+----------------------------------+-----------------+------------------------------------+---------------------------------------------------------------------------------------------------------------------------------+---------+


+-----------------------------------------------------------------------+
; Analysis & Synthesis Resource Usage Summary                           ;
+---------------------------------------------+-------------------------+
; Resource                                    ; Usage                   ;
+---------------------------------------------+-------------------------+
; Estimated Total logic elements              ; 145                     ;
;                                             ;                         ;
; Total combinational functions               ; 132                     ;
; Logic element usage by number of LUT inputs ;                         ;
;     -- 4 input functions                    ; 46                      ;
;     -- 3 input functions                    ; 56                      ;
;     -- <=2 input functions                  ; 30                      ;
;                                             ;                         ;
; Logic elements by mode                      ;                         ;
;     -- normal mode                          ; 114                     ;
;     -- arithmetic mode                      ; 18                      ;
;                                             ;                         ;
; Total registers                             ; 61                      ;
;     -- Dedicated logic registers            ; 61                      ;
;     -- I/O registers                        ; 0                       ;
;                                             ;                         ;
; I/O pins                                    ; 8                       ;
;                                             ;                         ;
; Embedded Multiplier 9-bit elements          ; 0                       ;
;                                             ;                         ;
; Maximum fan-out node                        ; debounce:inst9|Equal0~6 ;
; Maximum fan-out                             ; 56                      ;
; Total fan-out                               ; 597                     ;
; Average fan-out                             ; 2.86                    ;
+---------------------------------------------+-------------------------+


+-----------------------------------------------------------------------------------------------------------------------------------------------------------------------------------------------------------------------------------------+
; Analysis & Synthesis Resource Utilization by Entity                                                                                                                                                                                     ;
+------------------------------+---------------------+---------------------------+-------------+--------------+---------+-----------+------+--------------+--------------------------------------------+-------------------+--------------+
; Compilation Hierarchy Node   ; Combinational ALUTs ; Dedicated Logic Registers ; Memory Bits ; DSP Elements ; DSP 9x9 ; DSP 18x18 ; Pins ; Virtual Pins ; Full Hierarchy Name                        ; Entity Name       ; Library Name ;
+------------------------------+---------------------+---------------------------+-------------+--------------+---------+-----------+------+--------------+--------------------------------------------+-------------------+--------------+
; |CounterWithOutput           ; 132 (0)             ; 61 (0)                    ; 0           ; 0            ; 0       ; 0         ; 8    ; 0            ; |CounterWithOutput                         ; CounterWithOutput ; work         ;
;    |adcReader:inst1|         ; 44 (44)             ; 38 (38)                   ; 0           ; 0            ; 0       ; 0         ; 0    ; 0            ; |CounterWithOutput|adcReader:inst1         ; adcReader         ; work         ;
;    |analog_to_buttons:inst4| ; 13 (13)             ; 0 (0)                     ; 0           ; 0            ; 0       ; 0         ; 0    ; 0            ; |CounterWithOutput|analog_to_buttons:inst4 ; analog_to_buttons ; work         ;
;    |debounce:inst9|          ; 72 (72)             ; 20 (20)                   ; 0           ; 0            ; 0       ; 0         ; 0    ; 0            ; |CounterWithOutput|debounce:inst9          ; debounce          ; work         ;
;    |myCounter:inst|          ; 3 (3)               ; 3 (3)                     ; 0           ; 0            ; 0       ; 0         ; 0    ; 0            ; |CounterWithOutput|myCounter:inst          ; myCounter         ; work         ;
+------------------------------+---------------------+---------------------------+-------------+--------------+---------+-----------+------+--------------+--------------------------------------------+-------------------+--------------+
Note: For table entries with two numbers listed, the numbers in parentheses indicate the number of resources of the given type used by the specific entity alone. The numbers listed outside of parentheses indicate the total resources of the given type used by the specific entity and all of its sub-entities in the hierarchy.


+------------------------------------------------------------------------------------------------------+
; User-Specified and Inferred Latches                                                                  ;
+-----------------------------------------------------+-----------------------+------------------------+
; Latch Name                                          ; Latch Enable Signal   ; Free of Timing Hazards ;
+-----------------------------------------------------+-----------------------+------------------------+
; debounce:inst9|OP3[10]                              ; debounce:inst9|Equal0 ; yes                    ;
; debounce:inst9|OP2[10]                              ; debounce:inst9|Equal0 ; yes                    ;
; debounce:inst9|OP1[10]                              ; debounce:inst9|Equal0 ; yes                    ;
; debounce:inst9|OP3[9]                               ; debounce:inst9|Equal0 ; yes                    ;
; debounce:inst9|OP2[9]                               ; debounce:inst9|Equal0 ; yes                    ;
; debounce:inst9|OP1[9]                               ; debounce:inst9|Equal0 ; yes                    ;
; debounce:inst9|OP3[6]                               ; debounce:inst9|Equal0 ; yes                    ;
; debounce:inst9|OP2[6]                               ; debounce:inst9|Equal0 ; yes                    ;
; debounce:inst9|OP1[6]                               ; debounce:inst9|Equal0 ; yes                    ;
; debounce:inst9|OP3[7]                               ; debounce:inst9|Equal0 ; yes                    ;
; debounce:inst9|OP2[7]                               ; debounce:inst9|Equal0 ; yes                    ;
; debounce:inst9|OP1[7]                               ; debounce:inst9|Equal0 ; yes                    ;
; debounce:inst9|OP3[8]                               ; debounce:inst9|Equal0 ; yes                    ;
; debounce:inst9|OP2[8]                               ; debounce:inst9|Equal0 ; yes                    ;
; debounce:inst9|OP1[8]                               ; debounce:inst9|Equal0 ; yes                    ;
; debounce:inst9|OP3[5]                               ; debounce:inst9|Equal0 ; yes                    ;
; debounce:inst9|OP2[5]                               ; debounce:inst9|Equal0 ; yes                    ;
; debounce:inst9|OP1[5]                               ; debounce:inst9|Equal0 ; yes                    ;
; debounce:inst9|OP3[2]                               ; debounce:inst9|Equal0 ; yes                    ;
; debounce:inst9|OP2[2]                               ; debounce:inst9|Equal0 ; yes                    ;
; debounce:inst9|OP1[2]                               ; debounce:inst9|Equal0 ; yes                    ;
; debounce:inst9|OP3[3]                               ; debounce:inst9|Equal0 ; yes                    ;
; debounce:inst9|OP2[3]                               ; debounce:inst9|Equal0 ; yes                    ;
; debounce:inst9|OP1[3]                               ; debounce:inst9|Equal0 ; yes                    ;
; debounce:inst9|OP3[4]                               ; debounce:inst9|Equal0 ; yes                    ;
; debounce:inst9|OP2[4]                               ; debounce:inst9|Equal0 ; yes                    ;
; debounce:inst9|OP1[4]                               ; debounce:inst9|Equal0 ; yes                    ;
; debounce:inst9|OP2[0]                               ; debounce:inst9|Equal0 ; yes                    ;
; debounce:inst9|OP1[0]                               ; debounce:inst9|Equal0 ; yes                    ;
; debounce:inst9|OP3[0]                               ; debounce:inst9|Equal0 ; yes                    ;
; debounce:inst9|OP3[1]                               ; debounce:inst9|Equal0 ; yes                    ;
; debounce:inst9|OP2[1]                               ; debounce:inst9|Equal0 ; yes                    ;
; debounce:inst9|OP1[1]                               ; debounce:inst9|Equal0 ; yes                    ;
; debounce:inst9|OP3[11]                              ; debounce:inst9|Equal0 ; yes                    ;
; debounce:inst9|OP2[11]                              ; debounce:inst9|Equal0 ; yes                    ;
; debounce:inst9|OP1[11]                              ; debounce:inst9|Equal0 ; yes                    ;
; Number of user-specified and inferred latches = 36  ;                       ;                        ;
+-----------------------------------------------------+-----------------------+------------------------+
Note: All latches listed above may not be present at the end of synthesis due to various synthesis optimizations.


+------------------------------------------------------+
; General Register Statistics                          ;
+----------------------------------------------+-------+
; Statistic                                    ; Value ;
+----------------------------------------------+-------+
; Total registers                              ; 61    ;
; Number of registers using Synchronous Clear  ; 0     ;
; Number of registers using Synchronous Load   ; 0     ;
; Number of registers using Asynchronous Clear ; 42    ;
; Number of registers using Asynchronous Load  ; 0     ;
; Number of registers using Clock Enable       ; 13    ;
; Number of registers using Preset             ; 0     ;
+----------------------------------------------+-------+


+-----------------------------------------------------+
; Post-Synthesis Netlist Statistics for Top Partition ;
+-----------------------+-----------------------------+
; Type                  ; Count                       ;
+-----------------------+-----------------------------+
; boundary_port         ; 8                           ;
; cycloneiii_ff         ; 61                          ;
;     CLR               ; 42                          ;
;     ENA               ; 13                          ;
;     plain             ; 6                           ;
; cycloneiii_lcell_comb ; 133                         ;
;     arith             ; 18                          ;
;         2 data inputs ; 17                          ;
;         3 data inputs ; 1                           ;
;     normal            ; 115                         ;
;         1 data inputs ; 6                           ;
;         2 data inputs ; 8                           ;
;         3 data inputs ; 55                          ;
;         4 data inputs ; 46                          ;
;                       ;                             ;
; Max LUT depth         ; 5.00                        ;
; Average LUT depth     ; 2.82                        ;
+-----------------------+-----------------------------+


+-------------------------------+
; Elapsed Time Per Partition    ;
+----------------+--------------+
; Partition Name ; Elapsed Time ;
+----------------+--------------+
; Top            ; 00:00:00     ;
+----------------+--------------+


+-------------------------------+
; Analysis & Synthesis Messages ;
+-------------------------------+
Info: *******************************************************************
Info: Running Quartus Prime Analysis & Synthesis
    Info: Version 18.0.0 Build 614 04/24/2018 SJ Lite Edition
    Info: Processing started: Thu Jun 07 18:08:17 2018
Info: Command: quartus_map --read_settings_files=on --write_settings_files=off Counter -c Counter
Warning (18236): Number of processors has not been specified which may cause overloading on shared machines.  Set the global assignment NUM_PARALLEL_PROCESSORS in your QSF to an appropriate value for best performance.
Info (20030): Parallel compilation is enabled and will use 4 of the 4 processors detected
Info (12021): Found 2 design units, including 1 entities, in source file vhdl/analog_to_buttons.vhd
    Info (12022): Found design unit 1: analog_to_buttons-behavior File: C:/Users/moren/BoS_Informatik/Semester_2/Mobiles_Hardware_Praktikum/Abgaben/HWP/moreno/ex05_restored/vhdl/analog_to_buttons.vhd Line: 18
    Info (12023): Found entity 1: analog_to_buttons File: C:/Users/moren/BoS_Informatik/Semester_2/Mobiles_Hardware_Praktikum/Abgaben/HWP/moreno/ex05_restored/vhdl/analog_to_buttons.vhd Line: 10
Info (12021): Found 2 design units, including 1 entities, in source file vhdl/adcreader.vhd
    Info (12022): Found design unit 1: adcReader-behavior File: C:/Users/moren/BoS_Informatik/Semester_2/Mobiles_Hardware_Praktikum/Abgaben/HWP/moreno/ex05_restored/vhdl/adcReader.vhd Line: 33
    Info (12023): Found entity 1: adcReader File: C:/Users/moren/BoS_Informatik/Semester_2/Mobiles_Hardware_Praktikum/Abgaben/HWP/moreno/ex05_restored/vhdl/adcReader.vhd Line: 10
Info (12021): Found 2 design units, including 1 entities, in source file mycounter.vhd
    Info (12022): Found design unit 1: myCounter-behavioral File: C:/Users/moren/BoS_Informatik/Semester_2/Mobiles_Hardware_Praktikum/Abgaben/HWP/moreno/ex05_restored/myCounter.vhd Line: 12
    Info (12023): Found entity 1: myCounter File: C:/Users/moren/BoS_Informatik/Semester_2/Mobiles_Hardware_Praktikum/Abgaben/HWP/moreno/ex05_restored/myCounter.vhd Line: 6
Info (12021): Found 1 design units, including 1 entities, in source file counter.bdf
    Info (12023): Found entity 1: Counter
Info (12021): Found 1 design units, including 1 entities, in source file counterwithoutput.bdf
    Info (12023): Found entity 1: CounterWithOutput
Info (12021): Found 2 design units, including 1 entities, in source file vhdl1.vhd
    Info (12022): Found design unit 1: debounce-behavioral File: C:/Users/moren/BoS_Informatik/Semester_2/Mobiles_Hardware_Praktikum/Abgaben/HWP/moreno/ex05_restored/Vhdl1.vhd Line: 15
    Info (12023): Found entity 1: debounce File: C:/Users/moren/BoS_Informatik/Semester_2/Mobiles_Hardware_Praktikum/Abgaben/HWP/moreno/ex05_restored/Vhdl1.vhd Line: 6
Info (12127): Elaborating entity "CounterWithOutput" for the top level hierarchy
Info (12128): Elaborating entity "adcReader" for hierarchy "adcReader:inst1"
Info (12128): Elaborating entity "myCounter" for hierarchy "myCounter:inst"
Info (12128): Elaborating entity "analog_to_buttons" for hierarchy "analog_to_buttons:inst4"
Info (12128): Elaborating entity "debounce" for hierarchy "debounce:inst9"
Warning (10492): VHDL Process Statement warning at Vhdl1.vhd(25): signal "counter" is read inside the Process Statement but isn't in the Process Statement's sensitivity list File: C:/Users/moren/BoS_Informatik/Semester_2/Mobiles_Hardware_Praktikum/Abgaben/HWP/moreno/ex05_restored/Vhdl1.vhd Line: 25
Warning (10492): VHDL Process Statement warning at Vhdl1.vhd(27): signal "DATA" is read inside the Process Statement but isn't in the Process Statement's sensitivity list File: C:/Users/moren/BoS_Informatik/Semester_2/Mobiles_Hardware_Praktikum/Abgaben/HWP/moreno/ex05_restored/Vhdl1.vhd Line: 27
Warning (10492): VHDL Process Statement warning at Vhdl1.vhd(28): signal "OP1" is read inside the Process Statement but isn't in the Process Statement's sensitivity list File: C:/Users/moren/BoS_Informatik/Semester_2/Mobiles_Hardware_Praktikum/Abgaben/HWP/moreno/ex05_restored/Vhdl1.vhd Line: 28
Warning (10492): VHDL Process Statement warning at Vhdl1.vhd(29): signal "OP2" is read inside the Process Statement but isn't in the Process Statement's sensitivity list File: C:/Users/moren/BoS_Informatik/Semester_2/Mobiles_Hardware_Praktikum/Abgaben/HWP/moreno/ex05_restored/Vhdl1.vhd Line: 29
Warning (10631): VHDL Process Statement warning at Vhdl1.vhd(20): inferring latch(es) for signal or variable "OP1", which holds its previous value in one or more paths through the process File: C:/Users/moren/BoS_Informatik/Semester_2/Mobiles_Hardware_Praktikum/Abgaben/HWP/moreno/ex05_restored/Vhdl1.vhd Line: 20
Warning (10631): VHDL Process Statement warning at Vhdl1.vhd(20): inferring latch(es) for signal or variable "OP2", which holds its previous value in one or more paths through the process File: C:/Users/moren/BoS_Informatik/Semester_2/Mobiles_Hardware_Praktikum/Abgaben/HWP/moreno/ex05_restored/Vhdl1.vhd Line: 20
Warning (10631): VHDL Process Statement warning at Vhdl1.vhd(20): inferring latch(es) for signal or variable "OP3", which holds its previous value in one or more paths through the process File: C:/Users/moren/BoS_Informatik/Semester_2/Mobiles_Hardware_Praktikum/Abgaben/HWP/moreno/ex05_restored/Vhdl1.vhd Line: 20
Info (10041): Inferred latch for "OP3[0]" at Vhdl1.vhd(20) File: C:/Users/moren/BoS_Informatik/Semester_2/Mobiles_Hardware_Praktikum/Abgaben/HWP/moreno/ex05_restored/Vhdl1.vhd Line: 20
Info (10041): Inferred latch for "OP3[1]" at Vhdl1.vhd(20) File: C:/Users/moren/BoS_Informatik/Semester_2/Mobiles_Hardware_Praktikum/Abgaben/HWP/moreno/ex05_restored/Vhdl1.vhd Line: 20
Info (10041): Inferred latch for "OP3[2]" at Vhdl1.vhd(20) File: C:/Users/moren/BoS_Informatik/Semester_2/Mobiles_Hardware_Praktikum/Abgaben/HWP/moreno/ex05_restored/Vhdl1.vhd Line: 20
Info (10041): Inferred latch for "OP3[3]" at Vhdl1.vhd(20) File: C:/Users/moren/BoS_Informatik/Semester_2/Mobiles_Hardware_Praktikum/Abgaben/HWP/moreno/ex05_restored/Vhdl1.vhd Line: 20
Info (10041): Inferred latch for "OP3[4]" at Vhdl1.vhd(20) File: C:/Users/moren/BoS_Informatik/Semester_2/Mobiles_Hardware_Praktikum/Abgaben/HWP/moreno/ex05_restored/Vhdl1.vhd Line: 20
Info (10041): Inferred latch for "OP3[5]" at Vhdl1.vhd(20) File: C:/Users/moren/BoS_Informatik/Semester_2/Mobiles_Hardware_Praktikum/Abgaben/HWP/moreno/ex05_restored/Vhdl1.vhd Line: 20
Info (10041): Inferred latch for "OP3[6]" at Vhdl1.vhd(20) File: C:/Users/moren/BoS_Informatik/Semester_2/Mobiles_Hardware_Praktikum/Abgaben/HWP/moreno/ex05_restored/Vhdl1.vhd Line: 20
Info (10041): Inferred latch for "OP3[7]" at Vhdl1.vhd(20) File: C:/Users/moren/BoS_Informatik/Semester_2/Mobiles_Hardware_Praktikum/Abgaben/HWP/moreno/ex05_restored/Vhdl1.vhd Line: 20
Info (10041): Inferred latch for "OP3[8]" at Vhdl1.vhd(20) File: C:/Users/moren/BoS_Informatik/Semester_2/Mobiles_Hardware_Praktikum/Abgaben/HWP/moreno/ex05_restored/Vhdl1.vhd Line: 20
Info (10041): Inferred latch for "OP3[9]" at Vhdl1.vhd(20) File: C:/Users/moren/BoS_Informatik/Semester_2/Mobiles_Hardware_Praktikum/Abgaben/HWP/moreno/ex05_restored/Vhdl1.vhd Line: 20
Info (10041): Inferred latch for "OP3[10]" at Vhdl1.vhd(20) File: C:/Users/moren/BoS_Informatik/Semester_2/Mobiles_Hardware_Praktikum/Abgaben/HWP/moreno/ex05_restored/Vhdl1.vhd Line: 20
Info (10041): Inferred latch for "OP3[11]" at Vhdl1.vhd(20) File: C:/Users/moren/BoS_Informatik/Semester_2/Mobiles_Hardware_Praktikum/Abgaben/HWP/moreno/ex05_restored/Vhdl1.vhd Line: 20
Info (10041): Inferred latch for "OP2[0]" at Vhdl1.vhd(20) File: C:/Users/moren/BoS_Informatik/Semester_2/Mobiles_Hardware_Praktikum/Abgaben/HWP/moreno/ex05_restored/Vhdl1.vhd Line: 20
Info (10041): Inferred latch for "OP2[1]" at Vhdl1.vhd(20) File: C:/Users/moren/BoS_Informatik/Semester_2/Mobiles_Hardware_Praktikum/Abgaben/HWP/moreno/ex05_restored/Vhdl1.vhd Line: 20
Info (10041): Inferred latch for "OP2[2]" at Vhdl1.vhd(20) File: C:/Users/moren/BoS_Informatik/Semester_2/Mobiles_Hardware_Praktikum/Abgaben/HWP/moreno/ex05_restored/Vhdl1.vhd Line: 20
Info (10041): Inferred latch for "OP2[3]" at Vhdl1.vhd(20) File: C:/Users/moren/BoS_Informatik/Semester_2/Mobiles_Hardware_Praktikum/Abgaben/HWP/moreno/ex05_restored/Vhdl1.vhd Line: 20
Info (10041): Inferred latch for "OP2[4]" at Vhdl1.vhd(20) File: C:/Users/moren/BoS_Informatik/Semester_2/Mobiles_Hardware_Praktikum/Abgaben/HWP/moreno/ex05_restored/Vhdl1.vhd Line: 20
Info (10041): Inferred latch for "OP2[5]" at Vhdl1.vhd(20) File: C:/Users/moren/BoS_Informatik/Semester_2/Mobiles_Hardware_Praktikum/Abgaben/HWP/moreno/ex05_restored/Vhdl1.vhd Line: 20
Info (10041): Inferred latch for "OP2[6]" at Vhdl1.vhd(20) File: C:/Users/moren/BoS_Informatik/Semester_2/Mobiles_Hardware_Praktikum/Abgaben/HWP/moreno/ex05_restored/Vhdl1.vhd Line: 20
Info (10041): Inferred latch for "OP2[7]" at Vhdl1.vhd(20) File: C:/Users/moren/BoS_Informatik/Semester_2/Mobiles_Hardware_Praktikum/Abgaben/HWP/moreno/ex05_restored/Vhdl1.vhd Line: 20
Info (10041): Inferred latch for "OP2[8]" at Vhdl1.vhd(20) File: C:/Users/moren/BoS_Informatik/Semester_2/Mobiles_Hardware_Praktikum/Abgaben/HWP/moreno/ex05_restored/Vhdl1.vhd Line: 20
Info (10041): Inferred latch for "OP2[9]" at Vhdl1.vhd(20) File: C:/Users/moren/BoS_Informatik/Semester_2/Mobiles_Hardware_Praktikum/Abgaben/HWP/moreno/ex05_restored/Vhdl1.vhd Line: 20
Info (10041): Inferred latch for "OP2[10]" at Vhdl1.vhd(20) File: C:/Users/moren/BoS_Informatik/Semester_2/Mobiles_Hardware_Praktikum/Abgaben/HWP/moreno/ex05_restored/Vhdl1.vhd Line: 20
Info (10041): Inferred latch for "OP2[11]" at Vhdl1.vhd(20) File: C:/Users/moren/BoS_Informatik/Semester_2/Mobiles_Hardware_Praktikum/Abgaben/HWP/moreno/ex05_restored/Vhdl1.vhd Line: 20
Info (10041): Inferred latch for "OP1[0]" at Vhdl1.vhd(20) File: C:/Users/moren/BoS_Informatik/Semester_2/Mobiles_Hardware_Praktikum/Abgaben/HWP/moreno/ex05_restored/Vhdl1.vhd Line: 20
Info (10041): Inferred latch for "OP1[1]" at Vhdl1.vhd(20) File: C:/Users/moren/BoS_Informatik/Semester_2/Mobiles_Hardware_Praktikum/Abgaben/HWP/moreno/ex05_restored/Vhdl1.vhd Line: 20
Info (10041): Inferred latch for "OP1[2]" at Vhdl1.vhd(20) File: C:/Users/moren/BoS_Informatik/Semester_2/Mobiles_Hardware_Praktikum/Abgaben/HWP/moreno/ex05_restored/Vhdl1.vhd Line: 20
Info (10041): Inferred latch for "OP1[3]" at Vhdl1.vhd(20) File: C:/Users/moren/BoS_Informatik/Semester_2/Mobiles_Hardware_Praktikum/Abgaben/HWP/moreno/ex05_restored/Vhdl1.vhd Line: 20
Info (10041): Inferred latch for "OP1[4]" at Vhdl1.vhd(20) File: C:/Users/moren/BoS_Informatik/Semester_2/Mobiles_Hardware_Praktikum/Abgaben/HWP/moreno/ex05_restored/Vhdl1.vhd Line: 20
Info (10041): Inferred latch for "OP1[5]" at Vhdl1.vhd(20) File: C:/Users/moren/BoS_Informatik/Semester_2/Mobiles_Hardware_Praktikum/Abgaben/HWP/moreno/ex05_restored/Vhdl1.vhd Line: 20
Info (10041): Inferred latch for "OP1[6]" at Vhdl1.vhd(20) File: C:/Users/moren/BoS_Informatik/Semester_2/Mobiles_Hardware_Praktikum/Abgaben/HWP/moreno/ex05_restored/Vhdl1.vhd Line: 20
Info (10041): Inferred latch for "OP1[7]" at Vhdl1.vhd(20) File: C:/Users/moren/BoS_Informatik/Semester_2/Mobiles_Hardware_Praktikum/Abgaben/HWP/moreno/ex05_restored/Vhdl1.vhd Line: 20
Info (10041): Inferred latch for "OP1[8]" at Vhdl1.vhd(20) File: C:/Users/moren/BoS_Informatik/Semester_2/Mobiles_Hardware_Praktikum/Abgaben/HWP/moreno/ex05_restored/Vhdl1.vhd Line: 20
Info (10041): Inferred latch for "OP1[9]" at Vhdl1.vhd(20) File: C:/Users/moren/BoS_Informatik/Semester_2/Mobiles_Hardware_Praktikum/Abgaben/HWP/moreno/ex05_restored/Vhdl1.vhd Line: 20
Info (10041): Inferred latch for "OP1[10]" at Vhdl1.vhd(20) File: C:/Users/moren/BoS_Informatik/Semester_2/Mobiles_Hardware_Praktikum/Abgaben/HWP/moreno/ex05_restored/Vhdl1.vhd Line: 20
Info (10041): Inferred latch for "OP1[11]" at Vhdl1.vhd(20) File: C:/Users/moren/BoS_Informatik/Semester_2/Mobiles_Hardware_Praktikum/Abgaben/HWP/moreno/ex05_restored/Vhdl1.vhd Line: 20
Info (286030): Timing-Driven Synthesis is running
Info (16010): Generating hard_block partition "hard_block:auto_generated_inst"
    Info (16011): Adding 0 node(s), including 0 DDIO, 0 PLL, 0 transceiver and 0 LCELL
Info (21057): Implemented 153 device resources after synthesis - the final resource count might be different
    Info (21058): Implemented 2 input pins
    Info (21059): Implemented 6 output pins
    Info (21061): Implemented 145 logic cells
Info: Quartus Prime Analysis & Synthesis was successful. 0 errors, 8 warnings
    Info: Peak virtual memory: 4817 megabytes
    Info: Processing ended: Thu Jun 07 18:08:28 2018
    Info: Elapsed time: 00:00:11
    Info: Total CPU time (on all processors): 00:00:23


