Analysis & Synthesis report for Ultrasound_controller
Tue Jun 19 13:40:12 2018
Quartus Prime Version 18.0.0 Build 614 04/24/2018 SJ Lite Edition


---------------------
; Table of Contents ;
---------------------
  1. Legal Notice
  2. Analysis & Synthesis Summary
  3. Analysis & Synthesis Settings
  4. Parallel Compilation
  5. Analysis & Synthesis Source Files Read
  6. Analysis & Synthesis Resource Usage Summary
  7. Analysis & Synthesis Resource Utilization by Entity
  8. Registers Removed During Synthesis
  9. Removed Registers Triggering Further Register Optimizations
 10. General Register Statistics
 11. Post-Synthesis Netlist Statistics for Top Partition
 12. Elapsed Time Per Partition
 13. Analysis & Synthesis Messages



----------------
; Legal Notice ;
----------------
Copyright (C) 2018  Intel Corporation. All rights reserved.
Your use of Intel Corporation's design tools, logic functions 
and other software and tools, and its AMPP partner logic 
functions, and any output files from any of the foregoing 
(including device programming or simulation files), and any 
associated documentation or information are expressly subject 
to the terms and conditions of the Intel Program License 
Subscription Agreement, the Intel Quartus Prime License Agreement,
the Intel FPGA IP License Agreement, or other applicable license
agreement, including, without limitation, that your use is for
the sole purpose of programming logic devices manufactured by
Intel and sold by Intel or its authorized distributors.  Please
refer to the applicable agreement for further details.



+----------------------------------------------------------------------------------+
; Analysis & Synthesis Summary                                                     ;
+------------------------------------+---------------------------------------------+
; Analysis & Synthesis Status        ; Successful - Tue Jun 19 13:40:12 2018       ;
; Quartus Prime Version              ; 18.0.0 Build 614 04/24/2018 SJ Lite Edition ;
; Revision Name                      ; Ultrasound_controller                       ;
; Top-level Entity Name              ; motor_test                                  ;
; Family                             ; Cyclone IV E                                ;
; Total logic elements               ; 0                                           ;
;     Total combinational functions  ; 0                                           ;
;     Dedicated logic registers      ; 0                                           ;
; Total registers                    ; 0                                           ;
; Total pins                         ; 14                                          ;
; Total virtual pins                 ; 0                                           ;
; Total memory bits                  ; 0                                           ;
; Embedded Multiplier 9-bit elements ; 0                                           ;
; Total PLLs                         ; 0                                           ;
+------------------------------------+---------------------------------------------+


+---------------------------------------------------------------------------------------------------------------+
; Analysis & Synthesis Settings                                                                                 ;
+------------------------------------------------------------------+--------------------+-----------------------+
; Option                                                           ; Setting            ; Default Value         ;
+------------------------------------------------------------------+--------------------+-----------------------+
; Device                                                           ; EP4CE22F17C6       ;                       ;
; Top-level entity name                                            ; motor_test         ; Ultrasound_controller ;
; Family name                                                      ; Cyclone IV E       ; Cyclone V             ;
; Use smart compilation                                            ; Off                ; Off                   ;
; Enable parallel Assembler and Timing Analyzer during compilation ; On                 ; On                    ;
; Enable compact report table                                      ; Off                ; Off                   ;
; Restructure Multiplexers                                         ; Auto               ; Auto                  ;
; Create Debugging Nodes for IP Cores                              ; Off                ; Off                   ;
; Preserve fewer node names                                        ; On                 ; On                    ;
; Intel FPGA IP Evaluation Mode                                    ; Enable             ; Enable                ;
; Verilog Version                                                  ; Verilog_2001       ; Verilog_2001          ;
; VHDL Version                                                     ; VHDL_1993          ; VHDL_1993             ;
; State Machine Processing                                         ; Auto               ; Auto                  ;
; Safe State Machine                                               ; Off                ; Off                   ;
; Extract Verilog State Machines                                   ; On                 ; On                    ;
; Extract VHDL State Machines                                      ; On                 ; On                    ;
; Ignore Verilog initial constructs                                ; Off                ; Off                   ;
; Iteration limit for constant Verilog loops                       ; 5000               ; 5000                  ;
; Iteration limit for non-constant Verilog loops                   ; 250                ; 250                   ;
; Add Pass-Through Logic to Inferred RAMs                          ; On                 ; On                    ;
; Infer RAMs from Raw Logic                                        ; On                 ; On                    ;
; Parallel Synthesis                                               ; On                 ; On                    ;
; DSP Block Balancing                                              ; Auto               ; Auto                  ;
; NOT Gate Push-Back                                               ; On                 ; On                    ;
; Power-Up Don't Care                                              ; On                 ; On                    ;
; Remove Redundant Logic Cells                                     ; Off                ; Off                   ;
; Remove Duplicate Registers                                       ; On                 ; On                    ;
; Ignore CARRY Buffers                                             ; Off                ; Off                   ;
; Ignore CASCADE Buffers                                           ; Off                ; Off                   ;
; Ignore GLOBAL Buffers                                            ; Off                ; Off                   ;
; Ignore ROW GLOBAL Buffers                                        ; Off                ; Off                   ;
; Ignore LCELL Buffers                                             ; Off                ; Off                   ;
; Ignore SOFT Buffers                                              ; On                 ; On                    ;
; Limit AHDL Integers to 32 Bits                                   ; Off                ; Off                   ;
; Optimization Technique                                           ; Balanced           ; Balanced              ;
; Carry Chain Length                                               ; 70                 ; 70                    ;
; Auto Carry Chains                                                ; On                 ; On                    ;
; Auto Open-Drain Pins                                             ; On                 ; On                    ;
; Perform WYSIWYG Primitive Resynthesis                            ; Off                ; Off                   ;
; Auto ROM Replacement                                             ; On                 ; On                    ;
; Auto RAM Replacement                                             ; On                 ; On                    ;
; Auto DSP Block Replacement                                       ; On                 ; On                    ;
; Auto Shift Register Replacement                                  ; Auto               ; Auto                  ;
; Allow Shift Register Merging across Hierarchies                  ; Auto               ; Auto                  ;
; Auto Clock Enable Replacement                                    ; On                 ; On                    ;
; Strict RAM Replacement                                           ; Off                ; Off                   ;
; Allow Synchronous Control Signals                                ; On                 ; On                    ;
; Force Use of Synchronous Clear Signals                           ; Off                ; Off                   ;
; Auto RAM Block Balancing                                         ; On                 ; On                    ;
; Auto RAM to Logic Cell Conversion                                ; Off                ; Off                   ;
; Auto Resource Sharing                                            ; Off                ; Off                   ;
; Allow Any RAM Size For Recognition                               ; Off                ; Off                   ;
; Allow Any ROM Size For Recognition                               ; Off                ; Off                   ;
; Allow Any Shift Register Size For Recognition                    ; Off                ; Off                   ;
; Use LogicLock Constraints during Resource Balancing              ; On                 ; On                    ;
; Ignore translate_off and synthesis_off directives                ; Off                ; Off                   ;
; Timing-Driven Synthesis                                          ; On                 ; On                    ;
; Report Parameter Settings                                        ; On                 ; On                    ;
; Report Source Assignments                                        ; On                 ; On                    ;
; Report Connectivity Checks                                       ; On                 ; On                    ;
; Ignore Maximum Fan-Out Assignments                               ; Off                ; Off                   ;
; Synchronization Register Chain Length                            ; 2                  ; 2                     ;
; Power Optimization During Synthesis                              ; Normal compilation ; Normal compilation    ;
; HDL message level                                                ; Level2             ; Level2                ;
; Suppress Register Optimization Related Messages                  ; Off                ; Off                   ;
; Number of Removed Registers Reported in Synthesis Report         ; 5000               ; 5000                  ;
; Number of Swept Nodes Reported in Synthesis Report               ; 5000               ; 5000                  ;
; Number of Inverted Registers Reported in Synthesis Report        ; 100                ; 100                   ;
; Clock MUX Protection                                             ; On                 ; On                    ;
; Auto Gated Clock Conversion                                      ; Off                ; Off                   ;
; Block Design Naming                                              ; Auto               ; Auto                  ;
; SDC constraint protection                                        ; Off                ; Off                   ;
; Synthesis Effort                                                 ; Auto               ; Auto                  ;
; Shift Register Replacement - Allow Asynchronous Clear Signal     ; On                 ; On                    ;
; Pre-Mapping Resynthesis Optimization                             ; Off                ; Off                   ;
; Analysis & Synthesis Message Level                               ; Medium             ; Medium                ;
; Disable Register Merging Across Hierarchies                      ; Auto               ; Auto                  ;
; Resource Aware Inference For Block RAM                           ; On                 ; On                    ;
+------------------------------------------------------------------+--------------------+-----------------------+


+------------------------------------------+
; Parallel Compilation                     ;
+----------------------------+-------------+
; Processors                 ; Number      ;
+----------------------------+-------------+
; Number detected on machine ; 2           ;
; Maximum allowed            ; 2           ;
;                            ;             ;
; Average used               ; 1.00        ;
; Maximum used               ; 1           ;
;                            ;             ;
; Usage by Processor         ; % Time Used ;
;     Processor 1            ; 100.0%      ;
+----------------------------+-------------+


+--------------------------------------------------------------------------------------------------------------------------------------------------------------------------------------------------+
; Analysis & Synthesis Source Files Read                                                                                                                                                           ;
+----------------------------------+-----------------+------------------------------------+----------------------------------------------------------------------------------------------+---------+
; File Name with User-Entered Path ; Used in Netlist ; File Type                          ; File Name with Absolute Path                                                                 ; Library ;
+----------------------------------+-----------------+------------------------------------+----------------------------------------------------------------------------------------------+---------+
; motor_controller.vhd             ; yes             ; User VHDL File                     ; /home/computer/Schreibtisch/aufg-05/ex06/Ultrasound_controller_restored/motor_controller.vhd ;         ;
; motor_test.bdf                   ; yes             ; User Block Diagram/Schematic File  ; /home/computer/Schreibtisch/aufg-05/ex06/Ultrasound_controller_restored/motor_test.bdf       ;         ;
+----------------------------------+-----------------+------------------------------------+----------------------------------------------------------------------------------------------+---------+


+--------------------------------------------------------------------+
; Analysis & Synthesis Resource Usage Summary                        ;
+---------------------------------------------+----------------------+
; Resource                                    ; Usage                ;
+---------------------------------------------+----------------------+
;                                             ;                      ;
; Total combinational functions               ; 0                    ;
; Logic element usage by number of LUT inputs ;                      ;
;     -- 4 input functions                    ; 0                    ;
;     -- 3 input functions                    ; 0                    ;
;     -- <=2 input functions                  ; 0                    ;
;                                             ;                      ;
; Logic elements by mode                      ;                      ;
;     -- normal mode                          ; 0                    ;
;     -- arithmetic mode                      ; 0                    ;
;                                             ;                      ;
; Total registers                             ; 0                    ;
;     -- Dedicated logic registers            ; 0                    ;
;     -- I/O registers                        ; 0                    ;
;                                             ;                      ;
; I/O pins                                    ; 14                   ;
;                                             ;                      ;
; Embedded Multiplier 9-bit elements          ; 0                    ;
;                                             ;                      ;
; Maximum fan-out node                        ; motor_signal1~output ;
; Maximum fan-out                             ; 1                    ;
; Total fan-out                               ; 14                   ;
; Average fan-out                             ; 0.50                 ;
+---------------------------------------------+----------------------+


+----------------------------------------------------------------------------------------------------------------------------------------------------------------------------------------------------------+
; Analysis & Synthesis Resource Utilization by Entity                                                                                                                                                      ;
+----------------------------+---------------------+---------------------------+-------------+--------------+---------+-----------+------+--------------+---------------------+-------------+--------------+
; Compilation Hierarchy Node ; Combinational ALUTs ; Dedicated Logic Registers ; Memory Bits ; DSP Elements ; DSP 9x9 ; DSP 18x18 ; Pins ; Virtual Pins ; Full Hierarchy Name ; Entity Name ; Library Name ;
+----------------------------+---------------------+---------------------------+-------------+--------------+---------+-----------+------+--------------+---------------------+-------------+--------------+
; |motor_test                ; 0 (0)               ; 0 (0)                     ; 0           ; 0            ; 0       ; 0         ; 14   ; 0            ; |motor_test         ; motor_test  ; work         ;
+----------------------------+---------------------+---------------------------+-------------+--------------+---------+-----------+------+--------------+---------------------+-------------+--------------+
Note: For table entries with two numbers listed, the numbers in parentheses indicate the number of resources of the given type used by the specific entity alone. The numbers listed outside of parentheses indicate the total resources of the given type used by the specific entity and all of its sub-entities in the hierarchy.


+---------------------------------------------------------------------------------+
; Registers Removed During Synthesis                                              ;
+----------------------------------------+----------------------------------------+
; Register name                          ; Reason for Removal                     ;
+----------------------------------------+----------------------------------------+
; motor_controller:inst|PWM[0..19]       ; Stuck at GND due to stuck port data_in ;
; motor_controller:inst|motor_signal2    ; Stuck at GND due to stuck port data_in ;
; motor_controller:inst|motor_signal1    ; Stuck at GND due to stuck port data_in ;
; motor_controller:inst|counter[0..19]   ; Lost fanout                            ;
; Total Number of Removed Registers = 42 ;                                        ;
+----------------------------------------+----------------------------------------+


+------------------------------------------------------------------------------------------------------------------------------------+
; Removed Registers Triggering Further Register Optimizations                                                                        ;
+------------------------------+---------------------------+-------------------------------------------------------------------------+
; Register name                ; Reason for Removal        ; Registers Removed due to This Register                                  ;
+------------------------------+---------------------------+-------------------------------------------------------------------------+
; motor_controller:inst|PWM[0] ; Stuck at GND              ; motor_controller:inst|PWM[5], motor_controller:inst|PWM[10],            ;
;                              ; due to stuck port data_in ; motor_controller:inst|PWM[15], motor_controller:inst|motor_signal2,     ;
;                              ;                           ; motor_controller:inst|motor_signal1, motor_controller:inst|counter[12], ;
;                              ;                           ; motor_controller:inst|counter[13], motor_controller:inst|counter[14],   ;
;                              ;                           ; motor_controller:inst|counter[15], motor_controller:inst|counter[16],   ;
;                              ;                           ; motor_controller:inst|counter[17], motor_controller:inst|counter[18],   ;
;                              ;                           ; motor_controller:inst|counter[19]                                       ;
; motor_controller:inst|PWM[1] ; Stuck at GND              ; motor_controller:inst|PWM[6], motor_controller:inst|PWM[11],            ;
;                              ; due to stuck port data_in ; motor_controller:inst|PWM[16]                                           ;
; motor_controller:inst|PWM[2] ; Stuck at GND              ; motor_controller:inst|PWM[7], motor_controller:inst|PWM[12],            ;
;                              ; due to stuck port data_in ; motor_controller:inst|PWM[17]                                           ;
; motor_controller:inst|PWM[3] ; Stuck at GND              ; motor_controller:inst|PWM[8], motor_controller:inst|PWM[13],            ;
;                              ; due to stuck port data_in ; motor_controller:inst|PWM[18]                                           ;
; motor_controller:inst|PWM[4] ; Stuck at GND              ; motor_controller:inst|PWM[9], motor_controller:inst|PWM[14],            ;
;                              ; due to stuck port data_in ; motor_controller:inst|PWM[19]                                           ;
+------------------------------+---------------------------+-------------------------------------------------------------------------+


+------------------------------------------------------+
; General Register Statistics                          ;
+----------------------------------------------+-------+
; Statistic                                    ; Value ;
+----------------------------------------------+-------+
; Total registers                              ; 0     ;
; Number of registers using Synchronous Clear  ; 0     ;
; Number of registers using Synchronous Load   ; 0     ;
; Number of registers using Asynchronous Clear ; 0     ;
; Number of registers using Asynchronous Load  ; 0     ;
; Number of registers using Clock Enable       ; 0     ;
; Number of registers using Preset             ; 0     ;
+----------------------------------------------+-------+


+-----------------------------------------------------+
; Post-Synthesis Netlist Statistics for Top Partition ;
+-----------------------+-----------------------------+
; Type                  ; Count                       ;
+-----------------------+-----------------------------+
; boundary_port         ; 14                          ;
; cycloneiii_lcell_comb ; 1                           ;
;     normal            ; 1                           ;
;         0 data inputs ; 1                           ;
;                       ;                             ;
; Max LUT depth         ; 0.00                        ;
; Average LUT depth     ; 0.00                        ;
+-----------------------+-----------------------------+


+-------------------------------+
; Elapsed Time Per Partition    ;
+----------------+--------------+
; Partition Name ; Elapsed Time ;
+----------------+--------------+
; Top            ; 00:00:00     ;
+----------------+--------------+


+-------------------------------+
; Analysis & Synthesis Messages ;
+-------------------------------+
Info: *******************************************************************
Info: Running Quartus Prime Analysis & Synthesis
    Info: Version 18.0.0 Build 614 04/24/2018 SJ Lite Edition
    Info: Processing started: Tue Jun 19 13:39:49 2018
Info: Command: quartus_map --read_settings_files=on --write_settings_files=off Ultrasound_controller -c Ultrasound_controller
Warning (18236): Number of processors has not been specified which may cause overloading on shared machines.  Set the global assignment NUM_PARALLEL_PROCESSORS in your QSF to an appropriate value for best performance.
Info (20030): Parallel compilation is enabled and will use 2 of the 2 processors detected
Info (12021): Found 2 design units, including 1 entities, in source file vhdl/lcd_driver2.vhd
    Info (12022): Found design unit 1: lcd_driver2-behavior File: /home/computer/Schreibtisch/aufg-05/ex06/Ultrasound_controller_restored/vhdl/lcd_driver2.vhd Line: 34
    Info (12023): Found entity 1: lcd_driver2 File: /home/computer/Schreibtisch/aufg-05/ex06/Ultrasound_controller_restored/vhdl/lcd_driver2.vhd Line: 12
Info (12021): Found 2 design units, including 1 entities, in source file vhdl/dataToLcd.vhd
    Info (12022): Found design unit 1: dataToLcd-behavior File: /home/computer/Schreibtisch/aufg-05/ex06/Ultrasound_controller_restored/vhdl/dataToLcd.vhd Line: 29
    Info (12023): Found entity 1: dataToLcd File: /home/computer/Schreibtisch/aufg-05/ex06/Ultrasound_controller_restored/vhdl/dataToLcd.vhd Line: 10
Info (12021): Found 2 design units, including 1 entities, in source file vhdl/ultrasound_controller.vhd
    Info (12022): Found design unit 1: ultrasound_controller-behavior File: /home/computer/Schreibtisch/aufg-05/ex06/Ultrasound_controller_restored/vhdl/ultrasound_controller.vhd Line: 24
    Info (12023): Found entity 1: ultrasound_controller File: /home/computer/Schreibtisch/aufg-05/ex06/Ultrasound_controller_restored/vhdl/ultrasound_controller.vhd Line: 5
Info (12021): Found 2 design units, including 1 entities, in source file vhdl/controller.vhd
    Info (12022): Found design unit 1: controller-behavior File: /home/computer/Schreibtisch/aufg-05/ex06/Ultrasound_controller_restored/vhdl/controller.vhd Line: 20
    Info (12023): Found entity 1: controller File: /home/computer/Schreibtisch/aufg-05/ex06/Ultrasound_controller_restored/vhdl/controller.vhd Line: 6
Info (12021): Found 1 design units, including 1 entities, in source file block/ultrasound_reader.bdf
    Info (12023): Found entity 1: ultrasound_reader
Info (12021): Found 2 design units, including 1 entities, in source file motor_controller.vhd
    Info (12022): Found design unit 1: motor_controller-behavior File: /home/computer/Schreibtisch/aufg-05/ex06/Ultrasound_controller_restored/motor_controller.vhd Line: 17
    Info (12023): Found entity 1: motor_controller File: /home/computer/Schreibtisch/aufg-05/ex06/Ultrasound_controller_restored/motor_controller.vhd Line: 6
Info (12021): Found 1 design units, including 1 entities, in source file motor_test.bdf
    Info (12023): Found entity 1: motor_test
Info (12127): Elaborating entity "motor_test" for the top level hierarchy
Info (12128): Elaborating entity "motor_controller" for hierarchy "motor_controller:inst"
Warning (13024): Output pins are stuck at VCC or GND
    Warning (13410): Pin "motor_signal1" is stuck at GND
    Warning (13410): Pin "motor_signal2" is stuck at GND
Info (17049): 20 registers lost all their fanouts during netlist optimizations.
Info (16010): Generating hard_block partition "hard_block:auto_generated_inst"
    Info (16011): Adding 0 node(s), including 0 DDIO, 0 PLL, 0 transceiver and 0 LCELL
Warning (21074): Design contains 12 input pin(s) that do not drive logic
    Warning (15610): No output dependent on input pin "clk_50"
    Warning (15610): No output dependent on input pin "direction"
    Warning (15610): No output dependent on input pin "speed[9]"
    Warning (15610): No output dependent on input pin "speed[8]"
    Warning (15610): No output dependent on input pin "speed[7]"
    Warning (15610): No output dependent on input pin "speed[6]"
    Warning (15610): No output dependent on input pin "speed[5]"
    Warning (15610): No output dependent on input pin "speed[4]"
    Warning (15610): No output dependent on input pin "speed[3]"
    Warning (15610): No output dependent on input pin "speed[2]"
    Warning (15610): No output dependent on input pin "speed[1]"
    Warning (15610): No output dependent on input pin "speed[0]"
Info (21057): Implemented 14 device resources after synthesis - the final resource count might be different
    Info (21058): Implemented 12 input pins
    Info (21059): Implemented 2 output pins
Info: Quartus Prime Analysis & Synthesis was successful. 0 errors, 17 warnings
    Info: Peak virtual memory: 957 megabytes
    Info: Processing ended: Tue Jun 19 13:40:12 2018
    Info: Elapsed time: 00:00:23
    Info: Total CPU time (on all processors): 00:00:37


