Analysis & Synthesis report for escape_room
Thu Jul 19 12:22:39 2018
Quartus Prime Version 18.0.0 Build 614 04/24/2018 SJ Lite Edition


---------------------
; Table of Contents ;
---------------------
  1. Legal Notice
  2. Analysis & Synthesis Summary
  3. Analysis & Synthesis Settings
  4. Parallel Compilation
  5. Analysis & Synthesis Source Files Read
  6. Analysis & Synthesis Resource Usage Summary
  7. Analysis & Synthesis Resource Utilization by Entity
  8. State Machine - |partialBruteForce|next_state
  9. State Machine - |partialBruteForce|state
 10. State Machine - |partialBruteForce|des:partialBruteForce|state
 11. State Machine - |partialBruteForce|des:partialBruteForce|des_loop:des|state
 12. Registers Removed During Synthesis
 13. General Register Statistics
 14. Inverted Register Statistics
 15. Multiplexer Restructuring Statistics (Restructuring Performed)
 16. Parameter Settings for User Entity Instance: Top-level Entity: |partialBruteForce
 17. Parameter Settings for User Entity Instance: des:partialBruteForce
 18. Parameter Settings for User Entity Instance: des:partialBruteForce|des_loop:des
 19. Parameter Settings for User Entity Instance: des:partialBruteForce|des_loop:des|get_key:keyer
 20. Port Connectivity Checks: "des:partialBruteForce"
 21. Post-Synthesis Netlist Statistics for Top Partition
 22. Elapsed Time Per Partition
 23. Analysis & Synthesis Messages



----------------
; Legal Notice ;
----------------
Copyright (C) 2018  Intel Corporation. All rights reserved.
Your use of Intel Corporation's design tools, logic functions 
and other software and tools, and its AMPP partner logic 
functions, and any output files from any of the foregoing 
(including device programming or simulation files), and any 
associated documentation or information are expressly subject 
to the terms and conditions of the Intel Program License 
Subscription Agreement, the Intel Quartus Prime License Agreement,
the Intel FPGA IP License Agreement, or other applicable license
agreement, including, without limitation, that your use is for
the sole purpose of programming logic devices manufactured by
Intel and sold by Intel or its authorized distributors.  Please
refer to the applicable agreement for further details.



+----------------------------------------------------------------------------------+
; Analysis & Synthesis Summary                                                     ;
+------------------------------------+---------------------------------------------+
; Analysis & Synthesis Status        ; Successful - Thu Jul 19 12:22:38 2018       ;
; Quartus Prime Version              ; 18.0.0 Build 614 04/24/2018 SJ Lite Edition ;
; Revision Name                      ; escape_room                                 ;
; Top-level Entity Name              ; partialBruteForce                           ;
; Family                             ; Cyclone IV E                                ;
; Total logic elements               ; 360                                         ;
;     Total combinational functions  ; 228                                         ;
;     Dedicated logic registers      ; 210                                         ;
; Total registers                    ; 210                                         ;
; Total pins                         ; 103                                         ;
; Total virtual pins                 ; 0                                           ;
; Total memory bits                  ; 0                                           ;
; Embedded Multiplier 9-bit elements ; 0                                           ;
; Total PLLs                         ; 0                                           ;
+------------------------------------+---------------------------------------------+


+------------------------------------------------------------------------------------------------------------+
; Analysis & Synthesis Settings                                                                              ;
+------------------------------------------------------------------+--------------------+--------------------+
; Option                                                           ; Setting            ; Default Value      ;
+------------------------------------------------------------------+--------------------+--------------------+
; Device                                                           ; EP4CE22F17C6       ;                    ;
; Top-level entity name                                            ; partialBruteForce  ; escape_room        ;
; Family name                                                      ; Cyclone IV E       ; Cyclone V          ;
; Use smart compilation                                            ; Off                ; Off                ;
; Enable parallel Assembler and Timing Analyzer during compilation ; On                 ; On                 ;
; Enable compact report table                                      ; Off                ; Off                ;
; Restructure Multiplexers                                         ; Auto               ; Auto               ;
; Create Debugging Nodes for IP Cores                              ; Off                ; Off                ;
; Preserve fewer node names                                        ; On                 ; On                 ;
; Intel FPGA IP Evaluation Mode                                    ; Enable             ; Enable             ;
; Verilog Version                                                  ; Verilog_2001       ; Verilog_2001       ;
; VHDL Version                                                     ; VHDL_1993          ; VHDL_1993          ;
; State Machine Processing                                         ; Auto               ; Auto               ;
; Safe State Machine                                               ; Off                ; Off                ;
; Extract Verilog State Machines                                   ; On                 ; On                 ;
; Extract VHDL State Machines                                      ; On                 ; On                 ;
; Ignore Verilog initial constructs                                ; Off                ; Off                ;
; Iteration limit for constant Verilog loops                       ; 5000               ; 5000               ;
; Iteration limit for non-constant Verilog loops                   ; 250                ; 250                ;
; Add Pass-Through Logic to Inferred RAMs                          ; On                 ; On                 ;
; Infer RAMs from Raw Logic                                        ; On                 ; On                 ;
; Parallel Synthesis                                               ; On                 ; On                 ;
; DSP Block Balancing                                              ; Auto               ; Auto               ;
; NOT Gate Push-Back                                               ; On                 ; On                 ;
; Power-Up Don't Care                                              ; On                 ; On                 ;
; Remove Redundant Logic Cells                                     ; Off                ; Off                ;
; Remove Duplicate Registers                                       ; On                 ; On                 ;
; Ignore CARRY Buffers                                             ; Off                ; Off                ;
; Ignore CASCADE Buffers                                           ; Off                ; Off                ;
; Ignore GLOBAL Buffers                                            ; Off                ; Off                ;
; Ignore ROW GLOBAL Buffers                                        ; Off                ; Off                ;
; Ignore LCELL Buffers                                             ; Off                ; Off                ;
; Ignore SOFT Buffers                                              ; On                 ; On                 ;
; Limit AHDL Integers to 32 Bits                                   ; Off                ; Off                ;
; Optimization Technique                                           ; Balanced           ; Balanced           ;
; Carry Chain Length                                               ; 70                 ; 70                 ;
; Auto Carry Chains                                                ; On                 ; On                 ;
; Auto Open-Drain Pins                                             ; On                 ; On                 ;
; Perform WYSIWYG Primitive Resynthesis                            ; Off                ; Off                ;
; Auto ROM Replacement                                             ; On                 ; On                 ;
; Auto RAM Replacement                                             ; On                 ; On                 ;
; Auto DSP Block Replacement                                       ; On                 ; On                 ;
; Auto Shift Register Replacement                                  ; Auto               ; Auto               ;
; Allow Shift Register Merging across Hierarchies                  ; Auto               ; Auto               ;
; Auto Clock Enable Replacement                                    ; On                 ; On                 ;
; Strict RAM Replacement                                           ; Off                ; Off                ;
; Allow Synchronous Control Signals                                ; On                 ; On                 ;
; Force Use of Synchronous Clear Signals                           ; Off                ; Off                ;
; Auto RAM Block Balancing                                         ; On                 ; On                 ;
; Auto RAM to Logic Cell Conversion                                ; Off                ; Off                ;
; Auto Resource Sharing                                            ; Off                ; Off                ;
; Allow Any RAM Size For Recognition                               ; Off                ; Off                ;
; Allow Any ROM Size For Recognition                               ; Off                ; Off                ;
; Allow Any Shift Register Size For Recognition                    ; Off                ; Off                ;
; Use LogicLock Constraints during Resource Balancing              ; On                 ; On                 ;
; Ignore translate_off and synthesis_off directives                ; Off                ; Off                ;
; Timing-Driven Synthesis                                          ; On                 ; On                 ;
; Report Parameter Settings                                        ; On                 ; On                 ;
; Report Source Assignments                                        ; On                 ; On                 ;
; Report Connectivity Checks                                       ; On                 ; On                 ;
; Ignore Maximum Fan-Out Assignments                               ; Off                ; Off                ;
; Synchronization Register Chain Length                            ; 2                  ; 2                  ;
; Power Optimization During Synthesis                              ; Normal compilation ; Normal compilation ;
; HDL message level                                                ; Level2             ; Level2             ;
; Suppress Register Optimization Related Messages                  ; Off                ; Off                ;
; Number of Removed Registers Reported in Synthesis Report         ; 5000               ; 5000               ;
; Number of Swept Nodes Reported in Synthesis Report               ; 5000               ; 5000               ;
; Number of Inverted Registers Reported in Synthesis Report        ; 100                ; 100                ;
; Clock MUX Protection                                             ; On                 ; On                 ;
; Auto Gated Clock Conversion                                      ; Off                ; Off                ;
; Block Design Naming                                              ; Auto               ; Auto               ;
; SDC constraint protection                                        ; Off                ; Off                ;
; Synthesis Effort                                                 ; Auto               ; Auto               ;
; Shift Register Replacement - Allow Asynchronous Clear Signal     ; On                 ; On                 ;
; Pre-Mapping Resynthesis Optimization                             ; Off                ; Off                ;
; Analysis & Synthesis Message Level                               ; Medium             ; Medium             ;
; Disable Register Merging Across Hierarchies                      ; Auto               ; Auto               ;
; Resource Aware Inference For Block RAM                           ; On                 ; On                 ;
+------------------------------------------------------------------+--------------------+--------------------+


+------------------------------------------+
; Parallel Compilation                     ;
+----------------------------+-------------+
; Processors                 ; Number      ;
+----------------------------+-------------+
; Number detected on machine ; 4           ;
; Maximum allowed            ; 2           ;
;                            ;             ;
; Average used               ; 1.00        ;
; Maximum used               ; 2           ;
;                            ;             ;
; Usage by Processor         ; % Time Used ;
;     Processor 1            ; 100.0%      ;
;     Processor 2            ;   0.0%      ;
+----------------------------+-------------+


+-------------------------------------------------------------------------------------------------------------------------------------------------------+
; Analysis & Synthesis Source Files Read                                                                                                                ;
+----------------------------------+-----------------+-----------------+----------------------------------------------------------------------+---------+
; File Name with User-Entered Path ; Used in Netlist ; File Type       ; File Name with Absolute Path                                         ; Library ;
+----------------------------------+-----------------+-----------------+----------------------------------------------------------------------+---------+
; des.vhd                          ; yes             ; User VHDL File  ; C:/Users/Quoc-Huy/Documents/GitHub/HWP/huy/Wettbewerb/des.vhd        ;         ;
; bruteForce.vhd                   ; yes             ; User VHDL File  ; C:/Users/Quoc-Huy/Documents/GitHub/HWP/huy/Wettbewerb/bruteForce.vhd ;         ;
+----------------------------------+-----------------+-----------------+----------------------------------------------------------------------+---------+


+------------------------------------------------------------+
; Analysis & Synthesis Resource Usage Summary                ;
+---------------------------------------------+--------------+
; Resource                                    ; Usage        ;
+---------------------------------------------+--------------+
; Estimated Total logic elements              ; 360          ;
;                                             ;              ;
; Total combinational functions               ; 228          ;
; Logic element usage by number of LUT inputs ;              ;
;     -- 4 input functions                    ; 154          ;
;     -- 3 input functions                    ; 30           ;
;     -- <=2 input functions                  ; 44           ;
;                                             ;              ;
; Logic elements by mode                      ;              ;
;     -- normal mode                          ; 205          ;
;     -- arithmetic mode                      ; 23           ;
;                                             ;              ;
; Total registers                             ; 210          ;
;     -- Dedicated logic registers            ; 210          ;
;     -- I/O registers                        ; 0            ;
;                                             ;              ;
; I/O pins                                    ; 103          ;
;                                             ;              ;
; Embedded Multiplier 9-bit elements          ; 0            ;
;                                             ;              ;
; Maximum fan-out node                        ; clk_50~input ;
; Maximum fan-out                             ; 209          ;
; Total fan-out                               ; 1686         ;
; Average fan-out                             ; 2.62         ;
+---------------------------------------------+--------------+


+-------------------------------------------------------------------------------------------------------------------------------------------------------------------------------------------------------------------------------------------------------------------+
; Analysis & Synthesis Resource Utilization by Entity                                                                                                                                                                                                               ;
+----------------------------+---------------------+---------------------------+-------------+--------------+---------+-----------+------+--------------+------------------------------------------------------------------------------+-------------+--------------+
; Compilation Hierarchy Node ; Combinational ALUTs ; Dedicated Logic Registers ; Memory Bits ; DSP Elements ; DSP 9x9 ; DSP 18x18 ; Pins ; Virtual Pins ; Full Hierarchy Name                                                          ; Entity Name ; Library Name ;
+----------------------------+---------------------+---------------------------+-------------+--------------+---------+-----------+------+--------------+------------------------------------------------------------------------------+-------------+--------------+
; |partialBruteForce         ; 228 (86)            ; 210 (71)                  ; 0           ; 0            ; 0       ; 0         ; 103  ; 0            ; |partialBruteForce                                                           ; des         ; work         ;
;    |des:partialBruteForce| ; 142 (5)             ; 139 (78)                  ; 0           ; 0            ; 0       ; 0         ; 0    ; 0            ; |partialBruteForce|des:partialBruteForce                                     ; des         ; work         ;
;       |des_loop:des|       ; 137 (34)            ; 61 (61)                   ; 0           ; 0            ; 0       ; 0         ; 0    ; 0            ; |partialBruteForce|des:partialBruteForce|des_loop:des                        ; des_loop    ; work         ;
;          |des_round:des|   ; 21 (15)             ; 0 (0)                     ; 0           ; 0            ; 0       ; 0         ; 0    ; 0            ; |partialBruteForce|des:partialBruteForce|des_loop:des|des_round:des          ; des_round   ; work         ;
;             |sbox1:s1|     ; 3 (3)               ; 0 (0)                     ; 0           ; 0            ; 0       ; 0         ; 0    ; 0            ; |partialBruteForce|des:partialBruteForce|des_loop:des|des_round:des|sbox1:s1 ; sbox1       ; work         ;
;             |sbox2:s2|     ; 3 (3)               ; 0 (0)                     ; 0           ; 0            ; 0       ; 0         ; 0    ; 0            ; |partialBruteForce|des:partialBruteForce|des_loop:des|des_round:des|sbox2:s2 ; sbox2       ; work         ;
;          |get_key:keyer|   ; 82 (82)             ; 0 (0)                     ; 0           ; 0            ; 0       ; 0         ; 0    ; 0            ; |partialBruteForce|des:partialBruteForce|des_loop:des|get_key:keyer          ; get_key     ; work         ;
+----------------------------+---------------------+---------------------------+-------------+--------------+---------+-----------+------+--------------+------------------------------------------------------------------------------+-------------+--------------+
Note: For table entries with two numbers listed, the numbers in parentheses indicate the number of resources of the given type used by the specific entity alone. The numbers listed outside of parentheses indicate the total resources of the given type used by the specific entity and all of its sub-entities in the hierarchy.


Encoding Type:  One-Hot
+-------------------------------------------------------------------------------------------------------------------------------------------------------------------------------------------------+
; State Machine - |partialBruteForce|next_state                                                                                                                                                   ;
+------------------------+--------------------+--------------------+--------------------+--------------------+--------------------+--------------------+------------------------+-----------------+
; Name                   ; next_state.timeout ; next_state.decoded ; next_state.decode3 ; next_state.decode2 ; next_state.decode1 ; next_state.decode0 ; next_state.beginDecode ; next_state.init ;
+------------------------+--------------------+--------------------+--------------------+--------------------+--------------------+--------------------+------------------------+-----------------+
; next_state.init        ; 0                  ; 0                  ; 0                  ; 0                  ; 0                  ; 0                  ; 0                      ; 0               ;
; next_state.beginDecode ; 0                  ; 0                  ; 0                  ; 0                  ; 0                  ; 0                  ; 1                      ; 1               ;
; next_state.decode0     ; 0                  ; 0                  ; 0                  ; 0                  ; 0                  ; 1                  ; 0                      ; 1               ;
; next_state.decode1     ; 0                  ; 0                  ; 0                  ; 0                  ; 1                  ; 0                  ; 0                      ; 1               ;
; next_state.decode2     ; 0                  ; 0                  ; 0                  ; 1                  ; 0                  ; 0                  ; 0                      ; 1               ;
; next_state.decode3     ; 0                  ; 0                  ; 1                  ; 0                  ; 0                  ; 0                  ; 0                      ; 1               ;
; next_state.decoded     ; 0                  ; 1                  ; 0                  ; 0                  ; 0                  ; 0                  ; 0                      ; 1               ;
; next_state.timeout     ; 1                  ; 0                  ; 0                  ; 0                  ; 0                  ; 0                  ; 0                      ; 1               ;
+------------------------+--------------------+--------------------+--------------------+--------------------+--------------------+--------------------+------------------------+-----------------+


Encoding Type:  One-Hot
+----------------------------------------------------------------------------------------------------------------------------------------------------+
; State Machine - |partialBruteForce|state                                                                                                           ;
+-------------------+---------------+---------------+---------------+---------------+---------------+---------------+-------------------+------------+
; Name              ; state.timeout ; state.decoded ; state.decode3 ; state.decode2 ; state.decode1 ; state.decode0 ; state.beginDecode ; state.init ;
+-------------------+---------------+---------------+---------------+---------------+---------------+---------------+-------------------+------------+
; state.init        ; 0             ; 0             ; 0             ; 0             ; 0             ; 0             ; 0                 ; 0          ;
; state.beginDecode ; 0             ; 0             ; 0             ; 0             ; 0             ; 0             ; 1                 ; 1          ;
; state.decode0     ; 0             ; 0             ; 0             ; 0             ; 0             ; 1             ; 0                 ; 1          ;
; state.decode1     ; 0             ; 0             ; 0             ; 0             ; 1             ; 0             ; 0                 ; 1          ;
; state.decode2     ; 0             ; 0             ; 0             ; 1             ; 0             ; 0             ; 0                 ; 1          ;
; state.decode3     ; 0             ; 0             ; 1             ; 0             ; 0             ; 0             ; 0                 ; 1          ;
; state.decoded     ; 0             ; 1             ; 0             ; 0             ; 0             ; 0             ; 0                 ; 1          ;
; state.timeout     ; 1             ; 0             ; 0             ; 0             ; 0             ; 0             ; 0                 ; 1          ;
+-------------------+---------------+---------------+---------------+---------------+---------------+---------------+-------------------+------------+


Encoding Type:  One-Hot
+----------------------------------------------------------------------------------------------+
; State Machine - |partialBruteForce|des:partialBruteForce|state                               ;
+-----------------------+--------------+------------------+-----------------------+------------+
; Name                  ; state.output ; state.waitForBlk ; state.computeBlkInput ; state.init ;
+-----------------------+--------------+------------------+-----------------------+------------+
; state.init            ; 0            ; 0                ; 0                     ; 0          ;
; state.computeBlkInput ; 0            ; 0                ; 1                     ; 1          ;
; state.waitForBlk      ; 0            ; 1                ; 0                     ; 1          ;
; state.output          ; 1            ; 0                ; 0                     ; 1          ;
+-----------------------+--------------+------------------+-----------------------+------------+


Encoding Type:  One-Hot
+-----------------------------------------------------------------------------+
; State Machine - |partialBruteForce|des:partialBruteForce|des_loop:des|state ;
+--------------------+---------------+--------------------+-------------------+
; Name               ; state.compute ; state.computeRound ; state.init        ;
+--------------------+---------------+--------------------+-------------------+
; state.init         ; 0             ; 0                  ; 0                 ;
; state.computeRound ; 0             ; 1                  ; 1                 ;
; state.compute      ; 1             ; 0                  ; 1                 ;
+--------------------+---------------+--------------------+-------------------+


+---------------------------------------------------------------------------------+
; Registers Removed During Synthesis                                              ;
+----------------------------------------+----------------------------------------+
; Register name                          ; Reason for Removal                     ;
+----------------------------------------+----------------------------------------+
; data[24..27]                           ; Stuck at GND due to stuck port data_in ;
; data[28]                               ; Stuck at VCC due to stuck port data_in ;
; data[29]                               ; Stuck at GND due to stuck port data_in ;
; data[30]                               ; Stuck at VCC due to stuck port data_in ;
; data[31]                               ; Stuck at GND due to stuck port data_in ;
; data[32..34]                           ; Stuck at VCC due to stuck port data_in ;
; data[35]                               ; Stuck at GND due to stuck port data_in ;
; data[36]                               ; Stuck at VCC due to stuck port data_in ;
; data[37]                               ; Stuck at GND due to stuck port data_in ;
; data[38]                               ; Stuck at VCC due to stuck port data_in ;
; data[39..42]                           ; Stuck at GND due to stuck port data_in ;
; data[43]                               ; Stuck at VCC due to stuck port data_in ;
; data[44,45]                            ; Stuck at GND due to stuck port data_in ;
; data[46]                               ; Stuck at VCC due to stuck port data_in ;
; data[47]                               ; Stuck at GND due to stuck port data_in ;
; next_state.decoded                     ; Lost fanout                            ;
; state.decoded                          ; Lost fanout                            ;
; next_state.timeout                     ; Merged with next_state.beginDecode     ;
; next_state.beginDecode                 ; Stuck at GND due to stuck port data_in ;
; Total Number of Removed Registers = 28 ;                                        ;
+----------------------------------------+----------------------------------------+


+------------------------------------------------------+
; General Register Statistics                          ;
+----------------------------------------------+-------+
; Statistic                                    ; Value ;
+----------------------------------------------+-------+
; Total registers                              ; 210   ;
; Number of registers using Synchronous Clear  ; 29    ;
; Number of registers using Synchronous Load   ; 4     ;
; Number of registers using Asynchronous Clear ; 127   ;
; Number of registers using Asynchronous Load  ; 0     ;
; Number of registers using Clock Enable       ; 186   ;
; Number of registers using Preset             ; 0     ;
+----------------------------------------------+-------+


+---------------------------------------------------------+
; Inverted Register Statistics                            ;
+-----------------------------------------------+---------+
; Inverted Register                             ; Fan out ;
+-----------------------------------------------+---------+
; des:partialBruteForce|des_loop:des|round[0]   ; 6       ;
; des:partialBruteForce|des_loop:des|round_i[0] ; 47      ;
; Total number of inverted registers = 2        ;         ;
+-----------------------------------------------+---------+


+-----------------------------------------------------------------------------------------------------------------------------------------------------------------------------------------------+
; Multiplexer Restructuring Statistics (Restructuring Performed)                                                                                                                                ;
+--------------------+-----------+---------------+----------------------+------------------------+------------+---------------------------------------------------------------------------------+
; Multiplexer Inputs ; Bus Width ; Baseline Area ; Area if Restructured ; Saving if Restructured ; Registered ; Example Multiplexer Output                                                      ;
+--------------------+-----------+---------------+----------------------+------------------------+------------+---------------------------------------------------------------------------------+
; 3:1                ; 4 bits    ; 8 LEs         ; 4 LEs                ; 4 LEs                  ; Yes        ; |partialBruteForce|des:partialBruteForce|des_loop:des|round[1]                  ;
; 3:1                ; 12 bits   ; 24 LEs        ; 12 LEs               ; 12 LEs                 ; Yes        ; |partialBruteForce|des:partialBruteForce|des_loop:des|l_i_min_1[5]              ;
; 4:1                ; 19 bits   ; 38 LEs        ; 19 LEs               ; 19 LEs                 ; Yes        ; |partialBruteForce|key_suffix[11]                                               ;
; 4:1                ; 4 bits    ; 8 LEs         ; 8 LEs                ; 0 LEs                  ; Yes        ; |partialBruteForce|des:partialBruteForce|des_loop:des|round_i[1]                ;
; 5:1                ; 12 bits   ; 36 LEs        ; 24 LEs               ; 12 LEs                 ; Yes        ; |partialBruteForce|block_data_in[6]                                             ;
; 4:1                ; 5 bits    ; 10 LEs        ; 10 LEs               ; 0 LEs                  ; No         ; |partialBruteForce|next_state                                                   ;
; 5:1                ; 2 bits    ; 6 LEs         ; 4 LEs                ; 2 LEs                  ; No         ; |partialBruteForce|next_state                                                   ;
; 5:1                ; 2 bits    ; 6 LEs         ; 6 LEs                ; 0 LEs                  ; No         ; |partialBruteForce|des:partialBruteForce|des_loop:des|state                     ;
; 5:1                ; 2 bits    ; 6 LEs         ; 6 LEs                ; 0 LEs                  ; No         ; |partialBruteForce|des:partialBruteForce|des_loop:des|get_key:keyer|RotateLeft0 ;
; 5:1                ; 2 bits    ; 6 LEs         ; 6 LEs                ; 0 LEs                  ; No         ; |partialBruteForce|des:partialBruteForce|des_loop:des|get_key:keyer|RotateLeft0 ;
; 6:1                ; 2 bits    ; 8 LEs         ; 4 LEs                ; 4 LEs                  ; No         ; |partialBruteForce|des:partialBruteForce|state                                  ;
; 8:1                ; 5 bits    ; 25 LEs        ; 10 LEs               ; 15 LEs                 ; No         ; |partialBruteForce|state                                                        ;
+--------------------+-----------+---------------+----------------------+------------------------+------------+---------------------------------------------------------------------------------+


+-----------------------------------------------------------------------------------+
; Parameter Settings for User Entity Instance: Top-level Entity: |partialBruteForce ;
+----------------+-------+----------------------------------------------------------+
; Parameter Name ; Value ; Type                                                     ;
+----------------+-------+----------------------------------------------------------+
; dataWidth      ; 48    ; Signed Integer                                           ;
; keyWidth       ; 22    ; Signed Integer                                           ;
; blockWidth     ; 12    ; Signed Integer                                           ;
; keyPrefixWidth ; 3     ; Signed Integer                                           ;
+----------------+-------+----------------------------------------------------------+
Note: In order to hide this table in the UI and the text report file, please set the "Show Parameter Settings in Synthesis Report" option in "Analysis and Synthesis Settings -> More Settings" to "Off".


+--------------------------------------------------------------------+
; Parameter Settings for User Entity Instance: des:partialBruteForce ;
+----------------+-------+-------------------------------------------+
; Parameter Name ; Value ; Type                                      ;
+----------------+-------+-------------------------------------------+
; datawidth      ; 12    ; Signed Integer                            ;
; keywidth       ; 22    ; Signed Integer                            ;
; reversed       ; '0'   ; Enumerated                                ;
+----------------+-------+-------------------------------------------+
Note: In order to hide this table in the UI and the text report file, please set the "Show Parameter Settings in Synthesis Report" option in "Analysis and Synthesis Settings -> More Settings" to "Off".


+---------------------------------------------------------------------------------+
; Parameter Settings for User Entity Instance: des:partialBruteForce|des_loop:des ;
+----------------+-------+--------------------------------------------------------+
; Parameter Name ; Value ; Type                                                   ;
+----------------+-------+--------------------------------------------------------+
; totalrounds    ; 22    ; Signed Integer                                         ;
; keywidth       ; 22    ; Signed Integer                                         ;
+----------------+-------+--------------------------------------------------------+
Note: In order to hide this table in the UI and the text report file, please set the "Show Parameter Settings in Synthesis Report" option in "Analysis and Synthesis Settings -> More Settings" to "Off".


+-----------------------------------------------------------------------------------------------+
; Parameter Settings for User Entity Instance: des:partialBruteForce|des_loop:des|get_key:keyer ;
+----------------+-------+----------------------------------------------------------------------+
; Parameter Name ; Value ; Type                                                                 ;
+----------------+-------+----------------------------------------------------------------------+
; keywidth       ; 22    ; Signed Integer                                                       ;
; totalrounds    ; 22    ; Signed Integer                                                       ;
+----------------+-------+----------------------------------------------------------------------+
Note: In order to hide this table in the UI and the text report file, please set the "Show Parameter Settings in Synthesis Report" option in "Analysis and Synthesis Settings -> More Settings" to "Off".


+---------------------------------------------------+
; Port Connectivity Checks: "des:partialBruteForce" ;
+------+-------+----------+-------------------------+
; Port ; Type  ; Severity ; Details                 ;
+------+-------+----------+-------------------------+
; mode ; Input ; Info     ; Stuck at VCC            ;
+------+-------+----------+-------------------------+


+-----------------------------------------------------+
; Post-Synthesis Netlist Statistics for Top Partition ;
+-----------------------+-----------------------------+
; Type                  ; Count                       ;
+-----------------------+-----------------------------+
; boundary_port         ; 103                         ;
; cycloneiii_ff         ; 210                         ;
;     CLR               ; 6                           ;
;     CLR SCLR          ; 3                           ;
;     CLR SLD           ; 4                           ;
;     ENA               ; 53                          ;
;     ENA CLR           ; 110                         ;
;     ENA CLR SCLR      ; 4                           ;
;     ENA SCLR          ; 19                          ;
;     SCLR              ; 3                           ;
;     plain             ; 8                           ;
; cycloneiii_lcell_comb ; 230                         ;
;     arith             ; 23                          ;
;         2 data inputs ; 23                          ;
;     normal            ; 207                         ;
;         0 data inputs ; 2                           ;
;         1 data inputs ; 4                           ;
;         2 data inputs ; 17                          ;
;         3 data inputs ; 30                          ;
;         4 data inputs ; 154                         ;
;                       ;                             ;
; Max LUT depth         ; 9.00                        ;
; Average LUT depth     ; 3.39                        ;
+-----------------------+-----------------------------+


+-------------------------------+
; Elapsed Time Per Partition    ;
+----------------+--------------+
; Partition Name ; Elapsed Time ;
+----------------+--------------+
; Top            ; 00:00:02     ;
+----------------+--------------+


+-------------------------------+
; Analysis & Synthesis Messages ;
+-------------------------------+
Info: *******************************************************************
Info: Running Quartus Prime Analysis & Synthesis
    Info: Version 18.0.0 Build 614 04/24/2018 SJ Lite Edition
    Info: Processing started: Thu Jul 19 12:22:13 2018
Info: Command: quartus_map --read_settings_files=on --write_settings_files=off escape_room -c escape_room
Warning (18236): Number of processors has not been specified which may cause overloading on shared machines.  Set the global assignment NUM_PARALLEL_PROCESSORS in your QSF to an appropriate value for best performance.
Info (20030): Parallel compilation is enabled and will use 2 of the 2 processors detected
Info (12021): Found 2 design units, including 1 entities, in source file uartsender.vhd
    Info (12022): Found design unit 1: UARTsender-behavior File: C:/Users/Quoc-Huy/Documents/GitHub/HWP/huy/Wettbewerb/UARTsender.vhd Line: 24
    Info (12023): Found entity 1: UARTsender File: C:/Users/Quoc-Huy/Documents/GitHub/HWP/huy/Wettbewerb/UARTsender.vhd Line: 13
Info (12021): Found 2 design units, including 1 entities, in source file uartreceiver.vhd
    Info (12022): Found design unit 1: UARTreceiver-behavior File: C:/Users/Quoc-Huy/Documents/GitHub/HWP/huy/Wettbewerb/UARTreceiver.vhd Line: 16
    Info (12023): Found entity 1: UARTreceiver File: C:/Users/Quoc-Huy/Documents/GitHub/HWP/huy/Wettbewerb/UARTreceiver.vhd Line: 6
Info (12021): Found 2 design units, including 1 entities, in source file uartfifo.vhd
    Info (12022): Found design unit 1: UARTfifo-behavior File: C:/Users/Quoc-Huy/Documents/GitHub/HWP/huy/Wettbewerb/UARTfifo.vhd Line: 27
    Info (12023): Found entity 1: UARTfifo File: C:/Users/Quoc-Huy/Documents/GitHub/HWP/huy/Wettbewerb/UARTfifo.vhd Line: 14
Info (12021): Found 2 design units, including 1 entities, in source file flipflop.vhd
    Info (12022): Found design unit 1: flipFlop-Behavioral File: C:/Users/Quoc-Huy/Documents/GitHub/HWP/huy/Wettbewerb/flipFlop.vhd Line: 19
    Info (12023): Found entity 1: flipFlop File: C:/Users/Quoc-Huy/Documents/GitHub/HWP/huy/Wettbewerb/flipFlop.vhd Line: 7
Info (12021): Found 2 design units, including 1 entities, in source file desdummy.vhd
    Info (12022): Found design unit 1: desDummy-Behavioral File: C:/Users/Quoc-Huy/Documents/GitHub/HWP/huy/Wettbewerb/desDummy.vhd Line: 16
    Info (12023): Found entity 1: desDummy File: C:/Users/Quoc-Huy/Documents/GitHub/HWP/huy/Wettbewerb/desDummy.vhd Line: 7
Info (12021): Found 14 design units, including 7 entities, in source file des.vhd
    Info (12022): Found design unit 1: sbox1-Behavioral File: C:/Users/Quoc-Huy/Documents/GitHub/HWP/huy/Wettbewerb/des.vhd Line: 18
    Info (12022): Found design unit 2: sbox2-Behavioral File: C:/Users/Quoc-Huy/Documents/GitHub/HWP/huy/Wettbewerb/des.vhd Line: 43
    Info (12022): Found design unit 3: expander-Behavioral File: C:/Users/Quoc-Huy/Documents/GitHub/HWP/huy/Wettbewerb/des.vhd Line: 73
    Info (12022): Found design unit 4: get_key-Behavioral File: C:/Users/Quoc-Huy/Documents/GitHub/HWP/huy/Wettbewerb/des.vhd Line: 102
    Info (12022): Found design unit 5: des_round-Behavioral File: C:/Users/Quoc-Huy/Documents/GitHub/HWP/huy/Wettbewerb/des.vhd Line: 124
    Info (12022): Found design unit 6: des_loop-Behavioral File: C:/Users/Quoc-Huy/Documents/GitHub/HWP/huy/Wettbewerb/des.vhd Line: 190
    Info (12022): Found design unit 7: des-Behavioral File: C:/Users/Quoc-Huy/Documents/GitHub/HWP/huy/Wettbewerb/des.vhd Line: 348
    Info (12023): Found entity 1: sbox1 File: C:/Users/Quoc-Huy/Documents/GitHub/HWP/huy/Wettbewerb/des.vhd Line: 11
    Info (12023): Found entity 2: sbox2 File: C:/Users/Quoc-Huy/Documents/GitHub/HWP/huy/Wettbewerb/des.vhd Line: 36
    Info (12023): Found entity 3: expander File: C:/Users/Quoc-Huy/Documents/GitHub/HWP/huy/Wettbewerb/des.vhd Line: 66
    Info (12023): Found entity 4: get_key File: C:/Users/Quoc-Huy/Documents/GitHub/HWP/huy/Wettbewerb/des.vhd Line: 90
    Info (12023): Found entity 5: des_round File: C:/Users/Quoc-Huy/Documents/GitHub/HWP/huy/Wettbewerb/des.vhd Line: 114
    Info (12023): Found entity 6: des_loop File: C:/Users/Quoc-Huy/Documents/GitHub/HWP/huy/Wettbewerb/des.vhd Line: 173
    Info (12023): Found entity 7: des File: C:/Users/Quoc-Huy/Documents/GitHub/HWP/huy/Wettbewerb/des.vhd Line: 330
Info (12021): Found 2 design units, including 1 entities, in source file dataaccumulator.vhd
    Info (12022): Found design unit 1: dataAccumulator-behavior File: C:/Users/Quoc-Huy/Documents/GitHub/HWP/huy/Wettbewerb/dataAccumulator.vhd Line: 18
    Info (12023): Found entity 1: dataAccumulator File: C:/Users/Quoc-Huy/Documents/GitHub/HWP/huy/Wettbewerb/dataAccumulator.vhd Line: 6
Info (12021): Found 2 design units, including 1 entities, in source file adcreader.vhd
    Info (12022): Found design unit 1: adcReader-behavior File: C:/Users/Quoc-Huy/Documents/GitHub/HWP/huy/Wettbewerb/adcReader.vhd Line: 33
    Info (12023): Found entity 1: adcReader File: C:/Users/Quoc-Huy/Documents/GitHub/HWP/huy/Wettbewerb/adcReader.vhd Line: 10
Info (12021): Found 4 design units, including 2 entities, in source file bruteforce.vhd
    Info (12022): Found design unit 1: partialBruteForce-behavior File: C:/Users/Quoc-Huy/Documents/GitHub/HWP/huy/Wettbewerb/bruteForce.vhd Line: 23
    Info (12022): Found design unit 2: bruteForce-behavior File: C:/Users/Quoc-Huy/Documents/GitHub/HWP/huy/Wettbewerb/bruteForce.vhd Line: 182
    Info (12023): Found entity 1: partialBruteForce File: C:/Users/Quoc-Huy/Documents/GitHub/HWP/huy/Wettbewerb/bruteForce.vhd Line: 5
    Info (12023): Found entity 2: bruteForce File: C:/Users/Quoc-Huy/Documents/GitHub/HWP/huy/Wettbewerb/bruteForce.vhd Line: 165
Info (12021): Found 1 design units, including 1 entities, in source file bruteforceattack.bdf
    Info (12023): Found entity 1: bruteForceAttack
Info (12127): Elaborating entity "partialBruteForce" for the top level hierarchy
Warning (10540): VHDL Signal Declaration warning at bruteForce.vhd(42): used explicit default value for signal "mode" because signal was never assigned a value File: C:/Users/Quoc-Huy/Documents/GitHub/HWP/huy/Wettbewerb/bruteForce.vhd Line: 42
Info (12128): Elaborating entity "des" for hierarchy "des:partialBruteForce" File: C:/Users/Quoc-Huy/Documents/GitHub/HWP/huy/Wettbewerb/bruteForce.vhd Line: 140
Info (12128): Elaborating entity "des_loop" for hierarchy "des:partialBruteForce|des_loop:des" File: C:/Users/Quoc-Huy/Documents/GitHub/HWP/huy/Wettbewerb/des.vhd Line: 476
Info (12128): Elaborating entity "get_key" for hierarchy "des:partialBruteForce|des_loop:des|get_key:keyer" File: C:/Users/Quoc-Huy/Documents/GitHub/HWP/huy/Wettbewerb/des.vhd Line: 297
Info (12128): Elaborating entity "des_round" for hierarchy "des:partialBruteForce|des_loop:des|des_round:des" File: C:/Users/Quoc-Huy/Documents/GitHub/HWP/huy/Wettbewerb/des.vhd Line: 308
Info (12128): Elaborating entity "expander" for hierarchy "des:partialBruteForce|des_loop:des|des_round:des|expander:exp" File: C:/Users/Quoc-Huy/Documents/GitHub/HWP/huy/Wettbewerb/des.vhd Line: 152
Info (12128): Elaborating entity "sbox1" for hierarchy "des:partialBruteForce|des_loop:des|des_round:des|sbox1:s1" File: C:/Users/Quoc-Huy/Documents/GitHub/HWP/huy/Wettbewerb/des.vhd Line: 156
Info (12128): Elaborating entity "sbox2" for hierarchy "des:partialBruteForce|des_loop:des|des_round:des|sbox2:s2" File: C:/Users/Quoc-Huy/Documents/GitHub/HWP/huy/Wettbewerb/des.vhd Line: 157
Info (13000): Registers with preset signals will power-up high File: C:/Users/Quoc-Huy/Documents/GitHub/HWP/huy/Wettbewerb/des.vhd Line: 241
Info (13003): DEV_CLRn pin will set, and not reset, register with preset signal due to NOT Gate Push-Back
Warning (13024): Output pins are stuck at VCC or GND
    Warning (13410): Pin "plain_out[24]" is stuck at GND File: C:/Users/Quoc-Huy/Documents/GitHub/HWP/huy/Wettbewerb/bruteForce.vhd Line: 17
    Warning (13410): Pin "plain_out[25]" is stuck at GND File: C:/Users/Quoc-Huy/Documents/GitHub/HWP/huy/Wettbewerb/bruteForce.vhd Line: 17
    Warning (13410): Pin "plain_out[26]" is stuck at GND File: C:/Users/Quoc-Huy/Documents/GitHub/HWP/huy/Wettbewerb/bruteForce.vhd Line: 17
    Warning (13410): Pin "plain_out[27]" is stuck at GND File: C:/Users/Quoc-Huy/Documents/GitHub/HWP/huy/Wettbewerb/bruteForce.vhd Line: 17
    Warning (13410): Pin "plain_out[28]" is stuck at VCC File: C:/Users/Quoc-Huy/Documents/GitHub/HWP/huy/Wettbewerb/bruteForce.vhd Line: 17
    Warning (13410): Pin "plain_out[29]" is stuck at GND File: C:/Users/Quoc-Huy/Documents/GitHub/HWP/huy/Wettbewerb/bruteForce.vhd Line: 17
    Warning (13410): Pin "plain_out[30]" is stuck at VCC File: C:/Users/Quoc-Huy/Documents/GitHub/HWP/huy/Wettbewerb/bruteForce.vhd Line: 17
    Warning (13410): Pin "plain_out[31]" is stuck at GND File: C:/Users/Quoc-Huy/Documents/GitHub/HWP/huy/Wettbewerb/bruteForce.vhd Line: 17
    Warning (13410): Pin "plain_out[32]" is stuck at VCC File: C:/Users/Quoc-Huy/Documents/GitHub/HWP/huy/Wettbewerb/bruteForce.vhd Line: 17
    Warning (13410): Pin "plain_out[33]" is stuck at VCC File: C:/Users/Quoc-Huy/Documents/GitHub/HWP/huy/Wettbewerb/bruteForce.vhd Line: 17
    Warning (13410): Pin "plain_out[34]" is stuck at VCC File: C:/Users/Quoc-Huy/Documents/GitHub/HWP/huy/Wettbewerb/bruteForce.vhd Line: 17
    Warning (13410): Pin "plain_out[35]" is stuck at GND File: C:/Users/Quoc-Huy/Documents/GitHub/HWP/huy/Wettbewerb/bruteForce.vhd Line: 17
    Warning (13410): Pin "plain_out[36]" is stuck at VCC File: C:/Users/Quoc-Huy/Documents/GitHub/HWP/huy/Wettbewerb/bruteForce.vhd Line: 17
    Warning (13410): Pin "plain_out[37]" is stuck at GND File: C:/Users/Quoc-Huy/Documents/GitHub/HWP/huy/Wettbewerb/bruteForce.vhd Line: 17
    Warning (13410): Pin "plain_out[38]" is stuck at VCC File: C:/Users/Quoc-Huy/Documents/GitHub/HWP/huy/Wettbewerb/bruteForce.vhd Line: 17
    Warning (13410): Pin "plain_out[39]" is stuck at GND File: C:/Users/Quoc-Huy/Documents/GitHub/HWP/huy/Wettbewerb/bruteForce.vhd Line: 17
    Warning (13410): Pin "plain_out[40]" is stuck at GND File: C:/Users/Quoc-Huy/Documents/GitHub/HWP/huy/Wettbewerb/bruteForce.vhd Line: 17
    Warning (13410): Pin "plain_out[41]" is stuck at GND File: C:/Users/Quoc-Huy/Documents/GitHub/HWP/huy/Wettbewerb/bruteForce.vhd Line: 17
    Warning (13410): Pin "plain_out[42]" is stuck at GND File: C:/Users/Quoc-Huy/Documents/GitHub/HWP/huy/Wettbewerb/bruteForce.vhd Line: 17
    Warning (13410): Pin "plain_out[43]" is stuck at VCC File: C:/Users/Quoc-Huy/Documents/GitHub/HWP/huy/Wettbewerb/bruteForce.vhd Line: 17
    Warning (13410): Pin "plain_out[44]" is stuck at GND File: C:/Users/Quoc-Huy/Documents/GitHub/HWP/huy/Wettbewerb/bruteForce.vhd Line: 17
    Warning (13410): Pin "plain_out[45]" is stuck at GND File: C:/Users/Quoc-Huy/Documents/GitHub/HWP/huy/Wettbewerb/bruteForce.vhd Line: 17
    Warning (13410): Pin "plain_out[46]" is stuck at VCC File: C:/Users/Quoc-Huy/Documents/GitHub/HWP/huy/Wettbewerb/bruteForce.vhd Line: 17
    Warning (13410): Pin "plain_out[47]" is stuck at GND File: C:/Users/Quoc-Huy/Documents/GitHub/HWP/huy/Wettbewerb/bruteForce.vhd Line: 17
Info (286030): Timing-Driven Synthesis is running
Critical Warning (18061): Ignored Power-Up Level option on the following registers
    Critical Warning (18010): Register des:partialBruteForce|des_loop:des|round[0] will power up to High File: C:/Users/Quoc-Huy/Documents/GitHub/HWP/huy/Wettbewerb/des.vhd Line: 241
    Critical Warning (18010): Register des:partialBruteForce|des_loop:des|round_i[0] will power up to High File: C:/Users/Quoc-Huy/Documents/GitHub/HWP/huy/Wettbewerb/des.vhd Line: 241
Info (17049): 2 registers lost all their fanouts during netlist optimizations.
Info (16010): Generating hard_block partition "hard_block:auto_generated_inst"
    Info (16011): Adding 0 node(s), including 0 DDIO, 0 PLL, 0 transceiver and 0 LCELL
Info (21057): Implemented 466 device resources after synthesis - the final resource count might be different
    Info (21058): Implemented 54 input pins
    Info (21059): Implemented 49 output pins
    Info (21061): Implemented 363 logic cells
Info: Quartus Prime Analysis & Synthesis was successful. 0 errors, 30 warnings
    Info: Peak virtual memory: 4809 megabytes
    Info: Processing ended: Thu Jul 19 12:22:39 2018
    Info: Elapsed time: 00:00:26
    Info: Total CPU time (on all processors): 00:00:54


