Flow report for escape_room
Wed Jul 18 18:10:11 2018
Quartus Prime Version 18.0.0 Build 614 04/24/2018 SJ Lite Edition


---------------------
; Table of Contents ;
---------------------
  1. Legal Notice
  2. Flow Summary
  3. Flow Settings
  4. Flow Non-Default Global Settings
  5. Flow Elapsed Time
  6. Flow OS Summary
  7. Flow Log
  8. Flow Messages
  9. Flow Suppressed Messages



----------------
; Legal Notice ;
----------------
Copyright (C) 2018  Intel Corporation. All rights reserved.
Your use of Intel Corporation's design tools, logic functions 
and other software and tools, and its AMPP partner logic 
functions, and any output files from any of the foregoing 
(including device programming or simulation files), and any 
associated documentation or information are expressly subject 
to the terms and conditions of the Intel Program License 
Subscription Agreement, the Intel Quartus Prime License Agreement,
the Intel FPGA IP License Agreement, or other applicable license
agreement, including, without limitation, that your use is for
the sole purpose of programming logic devices manufactured by
Intel and sold by Intel or its authorized distributors.  Please
refer to the applicable agreement for further details.



+----------------------------------------------------------------------------------+
; Flow Summary                                                                     ;
+------------------------------------+---------------------------------------------+
; Flow Status                        ; Successful - Wed Jul 18 18:10:11 2018       ;
; Quartus Prime Version              ; 18.0.0 Build 614 04/24/2018 SJ Lite Edition ;
; Revision Name                      ; escape_room                                 ;
; Top-level Entity Name              ; bruteForceAttack                            ;
; Family                             ; Cyclone IV E                                ;
; Device                             ; EP4CE22F17C6                                ;
; Timing Models                      ; Final                                       ;
; Total logic elements               ; 2,955 / 22,320 ( 13 % )                     ;
;     Total combinational functions  ; 2,135 / 22,320 ( 10 % )                     ;
;     Dedicated logic registers      ; 1,885 / 22,320 ( 8 % )                      ;
; Total registers                    ; 1885                                        ;
; Total pins                         ; 9 / 154 ( 6 % )                             ;
; Total virtual pins                 ; 0                                           ;
; Total memory bits                  ; 0 / 608,256 ( 0 % )                         ;
; Embedded Multiplier 9-bit elements ; 0 / 132 ( 0 % )                             ;
; Total PLLs                         ; 0 / 4 ( 0 % )                               ;
+------------------------------------+---------------------------------------------+


+-----------------------------------------+
; Flow Settings                           ;
+-------------------+---------------------+
; Option            ; Setting             ;
+-------------------+---------------------+
; Start date & time ; 07/18/2018 18:08:42 ;
; Main task         ; Compilation         ;
; Revision Name     ; escape_room         ;
+-------------------+---------------------+


+---------------------------------------------------------------------------------------------------------------------------------------+
; Flow Non-Default Global Settings                                                                                                      ;
+--------------------------------------+----------------------------------------+---------------+------------------+--------------------+
; Assignment Name                      ; Value                                  ; Default Value ; Entity Name      ; Section Id         ;
+--------------------------------------+----------------------------------------+---------------+------------------+--------------------+
; COMPILER_SIGNATURE_ID                ; 115410748656467.153193012112112        ; --            ; --               ; --                 ;
; EDA_DESIGN_INSTANCE_NAME             ; i1                                     ; --            ; --               ; des_vhd_tst        ;
; EDA_DESIGN_INSTANCE_NAME             ; i1                                     ; --            ; --               ; bruteForce_vhd_tst ;
; EDA_NATIVELINK_SIMULATION_TEST_BENCH ; bruteForce_vhd_tst                     ; --            ; --               ; eda_simulation     ;
; EDA_OUTPUT_DATA_FORMAT               ; Vhdl                                   ; --            ; --               ; eda_simulation     ;
; EDA_SIMULATION_TOOL                  ; ModelSim-Altera (VHDL)                 ; <None>        ; --               ; --                 ;
; EDA_TEST_BENCH_ENABLE_STATUS         ; TEST_BENCH_MODE                        ; --            ; --               ; eda_simulation     ;
; EDA_TEST_BENCH_FILE                  ; simulation/des.vht                     ; --            ; --               ; des_vhd_tst        ;
; EDA_TEST_BENCH_FILE                  ; simulation/modelsim/bruteForce.vht     ; --            ; --               ; bruteForce_vhd_tst ;
; EDA_TEST_BENCH_MODULE_NAME           ; des_vhd_tst                            ; --            ; --               ; des_vhd_tst        ;
; EDA_TEST_BENCH_MODULE_NAME           ; bruteForce_vhd_tst                     ; --            ; --               ; bruteForce_vhd_tst ;
; EDA_TEST_BENCH_NAME                  ; des_vhd_tst                            ; --            ; --               ; eda_simulation     ;
; EDA_TEST_BENCH_NAME                  ; bruteForce_vhd_tst                     ; --            ; --               ; eda_simulation     ;
; EDA_TIME_SCALE                       ; 1 ps                                   ; --            ; --               ; eda_simulation     ;
; MAX_CORE_JUNCTION_TEMP               ; 85                                     ; --            ; --               ; --                 ;
; MIN_CORE_JUNCTION_TEMP               ; 0                                      ; --            ; --               ; --                 ;
; NOMINAL_CORE_SUPPLY_VOLTAGE          ; 1.2V                                   ; --            ; --               ; --                 ;
; PARTITION_COLOR                      ; -- (Not supported for targeted family) ; --            ; bruteForceAttack ; Top                ;
; PARTITION_FITTER_PRESERVATION_LEVEL  ; -- (Not supported for targeted family) ; --            ; bruteForceAttack ; Top                ;
; PARTITION_NETLIST_TYPE               ; -- (Not supported for targeted family) ; --            ; bruteForceAttack ; Top                ;
; POWER_BOARD_THERMAL_MODEL            ; None (CONSERVATIVE)                    ; --            ; --               ; --                 ;
; POWER_PRESET_COOLING_SOLUTION        ; 23 MM HEAT SINK WITH 200 LFPM AIRFLOW  ; --            ; --               ; --                 ;
; PROJECT_OUTPUT_DIRECTORY             ; output_files                           ; --            ; --               ; --                 ;
; TOP_LEVEL_ENTITY                     ; bruteForceAttack                       ; escape_room   ; --               ; --                 ;
+--------------------------------------+----------------------------------------+---------------+------------------+--------------------+


+--------------------------------------------------------------------------------------------------------------------------+
; Flow Elapsed Time                                                                                                        ;
+----------------------+--------------+-------------------------+---------------------+------------------------------------+
; Module Name          ; Elapsed Time ; Average Processors Used ; Peak Virtual Memory ; Total CPU Time (on all processors) ;
+----------------------+--------------+-------------------------+---------------------+------------------------------------+
; Analysis & Synthesis ; 00:00:34     ; 1.0                     ; 4826 MB             ; 00:01:03                           ;
; Fitter               ; 00:00:35     ; 1.0                     ; 5321 MB             ; 00:00:46                           ;
; Assembler            ; 00:00:02     ; 1.0                     ; 4697 MB             ; 00:00:02                           ;
; Timing Analyzer      ; 00:00:06     ; 1.2                     ; 4803 MB             ; 00:00:06                           ;
; EDA Netlist Writer   ; 00:00:07     ; 1.0                     ; 4692 MB             ; 00:00:07                           ;
; Total                ; 00:01:24     ; --                      ; --                  ; 00:02:04                           ;
+----------------------+--------------+-------------------------+---------------------+------------------------------------+


+------------------------------------------------------------------------------------+
; Flow OS Summary                                                                    ;
+----------------------+------------------+------------+------------+----------------+
; Module Name          ; Machine Hostname ; OS Name    ; OS Version ; Processor type ;
+----------------------+------------------+------------+------------+----------------+
; Analysis & Synthesis ; Huy_PC           ; Windows 10 ; 10.0       ; x86_64         ;
; Fitter               ; Huy_PC           ; Windows 10 ; 10.0       ; x86_64         ;
; Assembler            ; Huy_PC           ; Windows 10 ; 10.0       ; x86_64         ;
; Timing Analyzer      ; Huy_PC           ; Windows 10 ; 10.0       ; x86_64         ;
; EDA Netlist Writer   ; Huy_PC           ; Windows 10 ; 10.0       ; x86_64         ;
+----------------------+------------------+------------+------------+----------------+


------------
; Flow Log ;
------------
quartus_map --read_settings_files=on --write_settings_files=off escape_room -c escape_room
quartus_fit --read_settings_files=off --write_settings_files=off escape_room -c escape_room
quartus_asm --read_settings_files=off --write_settings_files=off escape_room -c escape_room
quartus_sta escape_room -c escape_room
quartus_eda --read_settings_files=off --write_settings_files=off escape_room -c escape_room



