Flow report for UARTreceiver
Thu Jun 28 14:27:10 2018
Quartus Prime Version 18.0.0 Build 614 04/24/2018 SJ Lite Edition


---------------------
; Table of Contents ;
---------------------
  1. Legal Notice
  2. Flow Summary
  3. Flow Settings
  4. Flow Non-Default Global Settings
  5. Flow Elapsed Time
  6. Flow OS Summary
  7. Flow Log
  8. Flow Messages
  9. Flow Suppressed Messages



----------------
; Legal Notice ;
----------------
Copyright (C) 2018  Intel Corporation. All rights reserved.
Your use of Intel Corporation's design tools, logic functions 
and other software and tools, and its AMPP partner logic 
functions, and any output files from any of the foregoing 
(including device programming or simulation files), and any 
associated documentation or information are expressly subject 
to the terms and conditions of the Intel Program License 
Subscription Agreement, the Intel Quartus Prime License Agreement,
the Intel FPGA IP License Agreement, or other applicable license
agreement, including, without limitation, that your use is for
the sole purpose of programming logic devices manufactured by
Intel and sold by Intel or its authorized distributors.  Please
refer to the applicable agreement for further details.



+----------------------------------------------------------------------------------+
; Flow Summary                                                                     ;
+------------------------------------+---------------------------------------------+
; Flow Status                        ; Successful - Thu Jun 28 14:27:10 2018       ;
; Quartus Prime Version              ; 18.0.0 Build 614 04/24/2018 SJ Lite Edition ;
; Revision Name                      ; UARTreceiver                                ;
; Top-level Entity Name              ; UARTreader                                  ;
; Family                             ; Cyclone IV E                                ;
; Device                             ; EP4CE22F17C6                                ;
; Timing Models                      ; Final                                       ;
; Total logic elements               ; 608 / 22,320 ( 3 % )                        ;
;     Total combinational functions  ; 587 / 22,320 ( 3 % )                        ;
;     Dedicated logic registers      ; 257 / 22,320 ( 1 % )                        ;
; Total registers                    ; 257                                         ;
; Total pins                         ; 17 / 154 ( 11 % )                           ;
; Total virtual pins                 ; 0                                           ;
; Total memory bits                  ; 0 / 608,256 ( 0 % )                         ;
; Embedded Multiplier 9-bit elements ; 0 / 132 ( 0 % )                             ;
; Total PLLs                         ; 0 / 4 ( 0 % )                               ;
+------------------------------------+---------------------------------------------+


+-----------------------------------------+
; Flow Settings                           ;
+-------------------+---------------------+
; Option            ; Setting             ;
+-------------------+---------------------+
; Start date & time ; 06/28/2018 14:26:16 ;
; Main task         ; Compilation         ;
; Revision Name     ; UARTreceiver        ;
+-------------------+---------------------+


+------------------------------------------------------------------------------------------------------------------------------------+
; Flow Non-Default Global Settings                                                                                                   ;
+--------------------------------------+----------------------------------------+---------------+-------------+----------------------+
; Assignment Name                      ; Value                                  ; Default Value ; Entity Name ; Section Id           ;
+--------------------------------------+----------------------------------------+---------------+-------------+----------------------+
; COMPILER_SIGNATURE_ID                ; 115410748656467.153018877506072        ; --            ; --          ; --                   ;
; EDA_DESIGN_INSTANCE_NAME             ; i1                                     ; --            ; --          ; UARTreceiver_vhd_tst ;
; EDA_NATIVELINK_SIMULATION_TEST_BENCH ; UARTreceiver_vhd_tst                   ; --            ; --          ; eda_simulation       ;
; EDA_OUTPUT_DATA_FORMAT               ; Vhdl                                   ; --            ; --          ; eda_simulation       ;
; EDA_SIMULATION_TOOL                  ; ModelSim-Altera (VHDL)                 ; <None>        ; --          ; --                   ;
; EDA_TEST_BENCH_ENABLE_STATUS         ; TEST_BENCH_MODE                        ; --            ; --          ; eda_simulation       ;
; EDA_TEST_BENCH_FILE                  ; simulation/modelsim/UARTreceiver.vht   ; --            ; --          ; UARTreceiver_vhd_tst ;
; EDA_TEST_BENCH_MODULE_NAME           ; UARTreceiver_vhd_tst                   ; --            ; --          ; UARTreceiver_vhd_tst ;
; EDA_TEST_BENCH_NAME                  ; UARTreceiver_vhd_tst                   ; --            ; --          ; eda_simulation       ;
; EDA_TIME_SCALE                       ; 1 ps                                   ; --            ; --          ; eda_simulation       ;
; MAX_CORE_JUNCTION_TEMP               ; 85                                     ; --            ; --          ; --                   ;
; MIN_CORE_JUNCTION_TEMP               ; 0                                      ; --            ; --          ; --                   ;
; NOMINAL_CORE_SUPPLY_VOLTAGE          ; 1.2V                                   ; --            ; --          ; --                   ;
; PARTITION_COLOR                      ; -- (Not supported for targeted family) ; --            ; UARTreader  ; Top                  ;
; PARTITION_FITTER_PRESERVATION_LEVEL  ; -- (Not supported for targeted family) ; --            ; UARTreader  ; Top                  ;
; PARTITION_NETLIST_TYPE               ; -- (Not supported for targeted family) ; --            ; UARTreader  ; Top                  ;
; POWER_BOARD_THERMAL_MODEL            ; None (CONSERVATIVE)                    ; --            ; --          ; --                   ;
; POWER_PRESET_COOLING_SOLUTION        ; 23 MM HEAT SINK WITH 200 LFPM AIRFLOW  ; --            ; --          ; --                   ;
; PROJECT_OUTPUT_DIRECTORY             ; output_files                           ; --            ; --          ; --                   ;
; TOP_LEVEL_ENTITY                     ; UARTreader                             ; UARTreceiver  ; --          ; --                   ;
+--------------------------------------+----------------------------------------+---------------+-------------+----------------------+


+--------------------------------------------------------------------------------------------------------------------------+
; Flow Elapsed Time                                                                                                        ;
+----------------------+--------------+-------------------------+---------------------+------------------------------------+
; Module Name          ; Elapsed Time ; Average Processors Used ; Peak Virtual Memory ; Total CPU Time (on all processors) ;
+----------------------+--------------+-------------------------+---------------------+------------------------------------+
; Analysis & Synthesis ; 00:00:25     ; 1.0                     ; 4806 MB             ; 00:00:54                           ;
; Fitter               ; 00:00:15     ; 1.0                     ; 5286 MB             ; 00:00:18                           ;
; Assembler            ; 00:00:02     ; 1.0                     ; 4689 MB             ; 00:00:02                           ;
; Timing Analyzer      ; 00:00:04     ; 1.0                     ; 4775 MB             ; 00:00:04                           ;
; EDA Netlist Writer   ; 00:00:03     ; 1.0                     ; 4664 MB             ; 00:00:03                           ;
; Total                ; 00:00:49     ; --                      ; --                  ; 00:01:21                           ;
+----------------------+--------------+-------------------------+---------------------+------------------------------------+


+------------------------------------------------------------------------------------+
; Flow OS Summary                                                                    ;
+----------------------+------------------+------------+------------+----------------+
; Module Name          ; Machine Hostname ; OS Name    ; OS Version ; Processor type ;
+----------------------+------------------+------------+------------+----------------+
; Analysis & Synthesis ; Huy_PC           ; Windows 10 ; 10.0       ; x86_64         ;
; Fitter               ; Huy_PC           ; Windows 10 ; 10.0       ; x86_64         ;
; Assembler            ; Huy_PC           ; Windows 10 ; 10.0       ; x86_64         ;
; Timing Analyzer      ; Huy_PC           ; Windows 10 ; 10.0       ; x86_64         ;
; EDA Netlist Writer   ; Huy_PC           ; Windows 10 ; 10.0       ; x86_64         ;
+----------------------+------------------+------------+------------+----------------+


------------
; Flow Log ;
------------
quartus_map --read_settings_files=on --write_settings_files=off UARTreceiver -c UARTreceiver
quartus_fit --read_settings_files=off --write_settings_files=off UARTreceiver -c UARTreceiver
quartus_asm --read_settings_files=off --write_settings_files=off UARTreceiver -c UARTreceiver
quartus_sta UARTreceiver -c UARTreceiver
quartus_eda --read_settings_files=off --write_settings_files=off UARTreceiver -c UARTreceiver



