Analysis & Synthesis report for Ultrasound_controller
Tue Jun 19 19:02:50 2018
Quartus Prime Version 18.0.0 Build 614 04/24/2018 SJ Lite Edition


---------------------
; Table of Contents ;
---------------------
  1. Legal Notice
  2. Analysis & Synthesis Summary
  3. Analysis & Synthesis Settings
  4. Parallel Compilation
  5. Analysis & Synthesis Source Files Read
  6. Analysis & Synthesis Resource Usage Summary
  7. Analysis & Synthesis Resource Utilization by Entity
  8. State Machine - |ultrasound_reader|dataToLcd:inst4|state
  9. State Machine - |ultrasound_reader|lcd_driver2:inst5|state
 10. Registers Removed During Synthesis
 11. Removed Registers Triggering Further Register Optimizations
 12. General Register Statistics
 13. Inverted Register Statistics
 14. Multiplexer Restructuring Statistics (Restructuring Performed)
 15. Parameter Settings for Inferred Entity Instance: ultrasound_controller:inst1|lpm_divide:Div0
 16. Parameter Settings for Inferred Entity Instance: ultrasound_controller:inst3|lpm_divide:Div0
 17. Parameter Settings for Inferred Entity Instance: ultrasound_controller:inst2|lpm_divide:Div0
 18. Post-Synthesis Netlist Statistics for Top Partition
 19. Elapsed Time Per Partition
 20. Analysis & Synthesis Messages



----------------
; Legal Notice ;
----------------
Copyright (C) 2018  Intel Corporation. All rights reserved.
Your use of Intel Corporation's design tools, logic functions 
and other software and tools, and its AMPP partner logic 
functions, and any output files from any of the foregoing 
(including device programming or simulation files), and any 
associated documentation or information are expressly subject 
to the terms and conditions of the Intel Program License 
Subscription Agreement, the Intel Quartus Prime License Agreement,
the Intel FPGA IP License Agreement, or other applicable license
agreement, including, without limitation, that your use is for
the sole purpose of programming logic devices manufactured by
Intel and sold by Intel or its authorized distributors.  Please
refer to the applicable agreement for further details.



+----------------------------------------------------------------------------------+
; Analysis & Synthesis Summary                                                     ;
+------------------------------------+---------------------------------------------+
; Analysis & Synthesis Status        ; Successful - Tue Jun 19 19:02:50 2018       ;
; Quartus Prime Version              ; 18.0.0 Build 614 04/24/2018 SJ Lite Edition ;
; Revision Name                      ; Ultrasound_controller                       ;
; Top-level Entity Name              ; ultrasound_reader                           ;
; Family                             ; Cyclone IV E                                ;
; Total logic elements               ; 2,054                                       ;
;     Total combinational functions  ; 2,037                                       ;
;     Dedicated logic registers      ; 344                                         ;
; Total registers                    ; 344                                         ;
; Total pins                         ; 15                                          ;
; Total virtual pins                 ; 0                                           ;
; Total memory bits                  ; 0                                           ;
; Embedded Multiplier 9-bit elements ; 0                                           ;
; Total PLLs                         ; 0                                           ;
+------------------------------------+---------------------------------------------+


+---------------------------------------------------------------------------------------------------------------+
; Analysis & Synthesis Settings                                                                                 ;
+------------------------------------------------------------------+--------------------+-----------------------+
; Option                                                           ; Setting            ; Default Value         ;
+------------------------------------------------------------------+--------------------+-----------------------+
; Device                                                           ; EP4CE22F17C6       ;                       ;
; Top-level entity name                                            ; ultrasound_reader  ; Ultrasound_controller ;
; Family name                                                      ; Cyclone IV E       ; Cyclone V             ;
; Use smart compilation                                            ; Off                ; Off                   ;
; Enable parallel Assembler and Timing Analyzer during compilation ; On                 ; On                    ;
; Enable compact report table                                      ; Off                ; Off                   ;
; Restructure Multiplexers                                         ; Auto               ; Auto                  ;
; Create Debugging Nodes for IP Cores                              ; Off                ; Off                   ;
; Preserve fewer node names                                        ; On                 ; On                    ;
; Intel FPGA IP Evaluation Mode                                    ; Enable             ; Enable                ;
; Verilog Version                                                  ; Verilog_2001       ; Verilog_2001          ;
; VHDL Version                                                     ; VHDL_1993          ; VHDL_1993             ;
; State Machine Processing                                         ; Auto               ; Auto                  ;
; Safe State Machine                                               ; Off                ; Off                   ;
; Extract Verilog State Machines                                   ; On                 ; On                    ;
; Extract VHDL State Machines                                      ; On                 ; On                    ;
; Ignore Verilog initial constructs                                ; Off                ; Off                   ;
; Iteration limit for constant Verilog loops                       ; 5000               ; 5000                  ;
; Iteration limit for non-constant Verilog loops                   ; 250                ; 250                   ;
; Add Pass-Through Logic to Inferred RAMs                          ; On                 ; On                    ;
; Infer RAMs from Raw Logic                                        ; On                 ; On                    ;
; Parallel Synthesis                                               ; On                 ; On                    ;
; DSP Block Balancing                                              ; Auto               ; Auto                  ;
; NOT Gate Push-Back                                               ; On                 ; On                    ;
; Power-Up Don't Care                                              ; On                 ; On                    ;
; Remove Redundant Logic Cells                                     ; Off                ; Off                   ;
; Remove Duplicate Registers                                       ; On                 ; On                    ;
; Ignore CARRY Buffers                                             ; Off                ; Off                   ;
; Ignore CASCADE Buffers                                           ; Off                ; Off                   ;
; Ignore GLOBAL Buffers                                            ; Off                ; Off                   ;
; Ignore ROW GLOBAL Buffers                                        ; Off                ; Off                   ;
; Ignore LCELL Buffers                                             ; Off                ; Off                   ;
; Ignore SOFT Buffers                                              ; On                 ; On                    ;
; Limit AHDL Integers to 32 Bits                                   ; Off                ; Off                   ;
; Optimization Technique                                           ; Balanced           ; Balanced              ;
; Carry Chain Length                                               ; 70                 ; 70                    ;
; Auto Carry Chains                                                ; On                 ; On                    ;
; Auto Open-Drain Pins                                             ; On                 ; On                    ;
; Perform WYSIWYG Primitive Resynthesis                            ; Off                ; Off                   ;
; Auto ROM Replacement                                             ; On                 ; On                    ;
; Auto RAM Replacement                                             ; On                 ; On                    ;
; Auto DSP Block Replacement                                       ; On                 ; On                    ;
; Auto Shift Register Replacement                                  ; Auto               ; Auto                  ;
; Allow Shift Register Merging across Hierarchies                  ; Auto               ; Auto                  ;
; Auto Clock Enable Replacement                                    ; On                 ; On                    ;
; Strict RAM Replacement                                           ; Off                ; Off                   ;
; Allow Synchronous Control Signals                                ; On                 ; On                    ;
; Force Use of Synchronous Clear Signals                           ; Off                ; Off                   ;
; Auto RAM Block Balancing                                         ; On                 ; On                    ;
; Auto RAM to Logic Cell Conversion                                ; Off                ; Off                   ;
; Auto Resource Sharing                                            ; Off                ; Off                   ;
; Allow Any RAM Size For Recognition                               ; Off                ; Off                   ;
; Allow Any ROM Size For Recognition                               ; Off                ; Off                   ;
; Allow Any Shift Register Size For Recognition                    ; Off                ; Off                   ;
; Use LogicLock Constraints during Resource Balancing              ; On                 ; On                    ;
; Ignore translate_off and synthesis_off directives                ; Off                ; Off                   ;
; Timing-Driven Synthesis                                          ; On                 ; On                    ;
; Report Parameter Settings                                        ; On                 ; On                    ;
; Report Source Assignments                                        ; On                 ; On                    ;
; Report Connectivity Checks                                       ; On                 ; On                    ;
; Ignore Maximum Fan-Out Assignments                               ; Off                ; Off                   ;
; Synchronization Register Chain Length                            ; 2                  ; 2                     ;
; Power Optimization During Synthesis                              ; Normal compilation ; Normal compilation    ;
; HDL message level                                                ; Level2             ; Level2                ;
; Suppress Register Optimization Related Messages                  ; Off                ; Off                   ;
; Number of Removed Registers Reported in Synthesis Report         ; 5000               ; 5000                  ;
; Number of Swept Nodes Reported in Synthesis Report               ; 5000               ; 5000                  ;
; Number of Inverted Registers Reported in Synthesis Report        ; 100                ; 100                   ;
; Clock MUX Protection                                             ; On                 ; On                    ;
; Auto Gated Clock Conversion                                      ; Off                ; Off                   ;
; Block Design Naming                                              ; Auto               ; Auto                  ;
; SDC constraint protection                                        ; Off                ; Off                   ;
; Synthesis Effort                                                 ; Auto               ; Auto                  ;
; Shift Register Replacement - Allow Asynchronous Clear Signal     ; On                 ; On                    ;
; Pre-Mapping Resynthesis Optimization                             ; Off                ; Off                   ;
; Analysis & Synthesis Message Level                               ; Medium             ; Medium                ;
; Disable Register Merging Across Hierarchies                      ; Auto               ; Auto                  ;
; Resource Aware Inference For Block RAM                           ; On                 ; On                    ;
+------------------------------------------------------------------+--------------------+-----------------------+


+------------------------------------------+
; Parallel Compilation                     ;
+----------------------------+-------------+
; Processors                 ; Number      ;
+----------------------------+-------------+
; Number detected on machine ; 4           ;
; Maximum allowed            ; 2           ;
;                            ;             ;
; Average used               ; 1.00        ;
; Maximum used               ; 2           ;
;                            ;             ;
; Usage by Processor         ; % Time Used ;
;     Processor 1            ; 100.0%      ;
;     Processor 2            ;   0.1%      ;
+----------------------------+-------------+


+-----------------------------------------------------------------------------------------------------------------------------------------------------------------------------------------------------------------------+
; Analysis & Synthesis Source Files Read                                                                                                                                                                                ;
+----------------------------------+-----------------+------------------------------------+-------------------------------------------------------------------------------------------------------------------+---------+
; File Name with User-Entered Path ; Used in Netlist ; File Type                          ; File Name with Absolute Path                                                                                      ; Library ;
+----------------------------------+-----------------+------------------------------------+-------------------------------------------------------------------------------------------------------------------+---------+
; vhdl/lcd_driver2.vhd             ; yes             ; User VHDL File                     ; C:/Users/Quoc-Huy/Documents/GitHub/HWP/huy/Blatt 06/Ultrasound_controller_restored/vhdl/lcd_driver2.vhd           ;         ;
; vhdl/dataToLcd.vhd               ; yes             ; User VHDL File                     ; C:/Users/Quoc-Huy/Documents/GitHub/HWP/huy/Blatt 06/Ultrasound_controller_restored/vhdl/dataToLcd.vhd             ;         ;
; vhdl/ultrasound_controller.vhd   ; yes             ; User VHDL File                     ; C:/Users/Quoc-Huy/Documents/GitHub/HWP/huy/Blatt 06/Ultrasound_controller_restored/vhdl/ultrasound_controller.vhd ;         ;
; vhdl/controller.vhd              ; yes             ; User VHDL File                     ; C:/Users/Quoc-Huy/Documents/GitHub/HWP/huy/Blatt 06/Ultrasound_controller_restored/vhdl/controller.vhd            ;         ;
; block/ultrasound_reader.bdf      ; yes             ; User Block Diagram/Schematic File  ; C:/Users/Quoc-Huy/Documents/GitHub/HWP/huy/Blatt 06/Ultrasound_controller_restored/block/ultrasound_reader.bdf    ;         ;
; lpm_divide.tdf                   ; yes             ; Megafunction                       ; c:/intelfpga_lite/18.0/quartus/libraries/megafunctions/lpm_divide.tdf                                             ;         ;
; abs_divider.inc                  ; yes             ; Megafunction                       ; c:/intelfpga_lite/18.0/quartus/libraries/megafunctions/abs_divider.inc                                            ;         ;
; sign_div_unsign.inc              ; yes             ; Megafunction                       ; c:/intelfpga_lite/18.0/quartus/libraries/megafunctions/sign_div_unsign.inc                                        ;         ;
; aglobal180.inc                   ; yes             ; Megafunction                       ; c:/intelfpga_lite/18.0/quartus/libraries/megafunctions/aglobal180.inc                                             ;         ;
; db/lpm_divide_ekm.tdf            ; yes             ; Auto-Generated Megafunction        ; C:/Users/Quoc-Huy/Documents/GitHub/HWP/huy/Blatt 06/Ultrasound_controller_restored/db/lpm_divide_ekm.tdf          ;         ;
; db/sign_div_unsign_6nh.tdf       ; yes             ; Auto-Generated Megafunction        ; C:/Users/Quoc-Huy/Documents/GitHub/HWP/huy/Blatt 06/Ultrasound_controller_restored/db/sign_div_unsign_6nh.tdf     ;         ;
; db/alt_u_div_v9f.tdf             ; yes             ; Auto-Generated Megafunction        ; C:/Users/Quoc-Huy/Documents/GitHub/HWP/huy/Blatt 06/Ultrasound_controller_restored/db/alt_u_div_v9f.tdf           ;         ;
; db/add_sub_7pc.tdf               ; yes             ; Auto-Generated Megafunction        ; C:/Users/Quoc-Huy/Documents/GitHub/HWP/huy/Blatt 06/Ultrasound_controller_restored/db/add_sub_7pc.tdf             ;         ;
; db/add_sub_8pc.tdf               ; yes             ; Auto-Generated Megafunction        ; C:/Users/Quoc-Huy/Documents/GitHub/HWP/huy/Blatt 06/Ultrasound_controller_restored/db/add_sub_8pc.tdf             ;         ;
+----------------------------------+-----------------+------------------------------------+-------------------------------------------------------------------------------------------------------------------+---------+


+------------------------------------------------------------+
; Analysis & Synthesis Resource Usage Summary                ;
+---------------------------------------------+--------------+
; Resource                                    ; Usage        ;
+---------------------------------------------+--------------+
; Estimated Total logic elements              ; 2,054        ;
;                                             ;              ;
; Total combinational functions               ; 2037         ;
; Logic element usage by number of LUT inputs ;              ;
;     -- 4 input functions                    ; 717          ;
;     -- 3 input functions                    ; 475          ;
;     -- <=2 input functions                  ; 845          ;
;                                             ;              ;
; Logic elements by mode                      ;              ;
;     -- normal mode                          ; 1381         ;
;     -- arithmetic mode                      ; 656          ;
;                                             ;              ;
; Total registers                             ; 344          ;
;     -- Dedicated logic registers            ; 344          ;
;     -- I/O registers                        ; 0            ;
;                                             ;              ;
; I/O pins                                    ; 15           ;
;                                             ;              ;
; Embedded Multiplier 9-bit elements          ; 0            ;
;                                             ;              ;
; Maximum fan-out node                        ; clk_50~input ;
; Maximum fan-out                             ; 344          ;
; Total fan-out                               ; 7080         ;
; Average fan-out                             ; 2.93         ;
+---------------------------------------------+--------------+


+--------------------------------------------------------------------------------------------------------------------------------------------------------------------------------------------------------------------------------------------------------------------------------------------------------------------------------------------------------------+
; Analysis & Synthesis Resource Utilization by Entity                                                                                                                                                                                                                                                                                                          ;
+-------------------------------------------+---------------------+---------------------------+-------------+--------------+---------+-----------+------+--------------+------------------------------------------------------------------------------------------------------------------------------------------------+-----------------------+--------------+
; Compilation Hierarchy Node                ; Combinational ALUTs ; Dedicated Logic Registers ; Memory Bits ; DSP Elements ; DSP 9x9 ; DSP 18x18 ; Pins ; Virtual Pins ; Full Hierarchy Name                                                                                                                            ; Entity Name           ; Library Name ;
+-------------------------------------------+---------------------+---------------------------+-------------+--------------+---------+-----------+------+--------------+------------------------------------------------------------------------------------------------------------------------------------------------+-----------------------+--------------+
; |ultrasound_reader                        ; 2037 (1)            ; 344 (0)                   ; 0           ; 0            ; 0       ; 0         ; 15   ; 0            ; |ultrasound_reader                                                                                                                             ; ultrasound_reader     ; work         ;
;    |controller:inst|                      ; 55 (55)             ; 27 (27)                   ; 0           ; 0            ; 0       ; 0         ; 0    ; 0            ; |ultrasound_reader|controller:inst                                                                                                             ; controller            ; work         ;
;    |dataToLcd:inst4|                      ; 297 (297)           ; 111 (111)                 ; 0           ; 0            ; 0       ; 0         ; 0    ; 0            ; |ultrasound_reader|dataToLcd:inst4                                                                                                             ; dataToLcd             ; work         ;
;    |lcd_driver2:inst5|                    ; 193 (193)           ; 92 (92)                   ; 0           ; 0            ; 0       ; 0         ; 0    ; 0            ; |ultrasound_reader|lcd_driver2:inst5                                                                                                           ; lcd_driver2           ; work         ;
;    |ultrasound_controller:inst1|          ; 497 (72)            ; 38 (38)                   ; 0           ; 0            ; 0       ; 0         ; 0    ; 0            ; |ultrasound_reader|ultrasound_controller:inst1                                                                                                 ; ultrasound_controller ; work         ;
;       |lpm_divide:Div0|                   ; 425 (0)             ; 0 (0)                     ; 0           ; 0            ; 0       ; 0         ; 0    ; 0            ; |ultrasound_reader|ultrasound_controller:inst1|lpm_divide:Div0                                                                                 ; lpm_divide            ; work         ;
;          |lpm_divide_ekm:auto_generated|  ; 425 (0)             ; 0 (0)                     ; 0           ; 0            ; 0       ; 0         ; 0    ; 0            ; |ultrasound_reader|ultrasound_controller:inst1|lpm_divide:Div0|lpm_divide_ekm:auto_generated                                                   ; lpm_divide_ekm        ; work         ;
;             |sign_div_unsign_6nh:divider| ; 425 (0)             ; 0 (0)                     ; 0           ; 0            ; 0       ; 0         ; 0    ; 0            ; |ultrasound_reader|ultrasound_controller:inst1|lpm_divide:Div0|lpm_divide_ekm:auto_generated|sign_div_unsign_6nh:divider                       ; sign_div_unsign_6nh   ; work         ;
;                |alt_u_div_v9f:divider|    ; 425 (425)           ; 0 (0)                     ; 0           ; 0            ; 0       ; 0         ; 0    ; 0            ; |ultrasound_reader|ultrasound_controller:inst1|lpm_divide:Div0|lpm_divide_ekm:auto_generated|sign_div_unsign_6nh:divider|alt_u_div_v9f:divider ; alt_u_div_v9f         ; work         ;
;    |ultrasound_controller:inst2|          ; 497 (72)            ; 38 (38)                   ; 0           ; 0            ; 0       ; 0         ; 0    ; 0            ; |ultrasound_reader|ultrasound_controller:inst2                                                                                                 ; ultrasound_controller ; work         ;
;       |lpm_divide:Div0|                   ; 425 (0)             ; 0 (0)                     ; 0           ; 0            ; 0       ; 0         ; 0    ; 0            ; |ultrasound_reader|ultrasound_controller:inst2|lpm_divide:Div0                                                                                 ; lpm_divide            ; work         ;
;          |lpm_divide_ekm:auto_generated|  ; 425 (0)             ; 0 (0)                     ; 0           ; 0            ; 0       ; 0         ; 0    ; 0            ; |ultrasound_reader|ultrasound_controller:inst2|lpm_divide:Div0|lpm_divide_ekm:auto_generated                                                   ; lpm_divide_ekm        ; work         ;
;             |sign_div_unsign_6nh:divider| ; 425 (0)             ; 0 (0)                     ; 0           ; 0            ; 0       ; 0         ; 0    ; 0            ; |ultrasound_reader|ultrasound_controller:inst2|lpm_divide:Div0|lpm_divide_ekm:auto_generated|sign_div_unsign_6nh:divider                       ; sign_div_unsign_6nh   ; work         ;
;                |alt_u_div_v9f:divider|    ; 425 (425)           ; 0 (0)                     ; 0           ; 0            ; 0       ; 0         ; 0    ; 0            ; |ultrasound_reader|ultrasound_controller:inst2|lpm_divide:Div0|lpm_divide_ekm:auto_generated|sign_div_unsign_6nh:divider|alt_u_div_v9f:divider ; alt_u_div_v9f         ; work         ;
;    |ultrasound_controller:inst3|          ; 497 (72)            ; 38 (38)                   ; 0           ; 0            ; 0       ; 0         ; 0    ; 0            ; |ultrasound_reader|ultrasound_controller:inst3                                                                                                 ; ultrasound_controller ; work         ;
;       |lpm_divide:Div0|                   ; 425 (0)             ; 0 (0)                     ; 0           ; 0            ; 0       ; 0         ; 0    ; 0            ; |ultrasound_reader|ultrasound_controller:inst3|lpm_divide:Div0                                                                                 ; lpm_divide            ; work         ;
;          |lpm_divide_ekm:auto_generated|  ; 425 (0)             ; 0 (0)                     ; 0           ; 0            ; 0       ; 0         ; 0    ; 0            ; |ultrasound_reader|ultrasound_controller:inst3|lpm_divide:Div0|lpm_divide_ekm:auto_generated                                                   ; lpm_divide_ekm        ; work         ;
;             |sign_div_unsign_6nh:divider| ; 425 (0)             ; 0 (0)                     ; 0           ; 0            ; 0       ; 0         ; 0    ; 0            ; |ultrasound_reader|ultrasound_controller:inst3|lpm_divide:Div0|lpm_divide_ekm:auto_generated|sign_div_unsign_6nh:divider                       ; sign_div_unsign_6nh   ; work         ;
;                |alt_u_div_v9f:divider|    ; 425 (425)           ; 0 (0)                     ; 0           ; 0            ; 0       ; 0         ; 0    ; 0            ; |ultrasound_reader|ultrasound_controller:inst3|lpm_divide:Div0|lpm_divide_ekm:auto_generated|sign_div_unsign_6nh:divider|alt_u_div_v9f:divider ; alt_u_div_v9f         ; work         ;
+-------------------------------------------+---------------------+---------------------------+-------------+--------------+---------+-----------+------+--------------+------------------------------------------------------------------------------------------------------------------------------------------------+-----------------------+--------------+
Note: For table entries with two numbers listed, the numbers in parentheses indicate the number of resources of the given type used by the specific entity alone. The numbers listed outside of parentheses indicate the total resources of the given type used by the specific entity and all of its sub-entities in the hierarchy.


Encoding Type:  One-Hot
+----------------------------------------------------------+
; State Machine - |ultrasound_reader|dataToLcd:inst4|state ;
+--------------+-------------+------------+----------------+
; Name         ; state.pause ; state.init ; state.update   ;
+--------------+-------------+------------+----------------+
; state.update ; 0           ; 0          ; 0              ;
; state.init   ; 0           ; 1          ; 1              ;
; state.pause  ; 1           ; 0          ; 1              ;
+--------------+-------------+------------+----------------+


Encoding Type:  One-Hot
+---------------------------------------------------------------------------------------------------------------------------------------------------------------------------------------------------------------------------------------------------------------------------------------------------+
; State Machine - |ultrasound_reader|lcd_driver2:inst5|state                                                                                                                                                                                                                                        ;
+----------------------+-------------------+----------------------+-------------+-------------------+-------------------+-------------------+-------------------+-------------------+-------------+-------------+-------------+-------------+-------------+-------------+-------------+-------------+
; Name                 ; state.sendingData ; state.sendingAddress ; state.ready ; state.createChar5 ; state.createChar4 ; state.createChar3 ; state.createChar2 ; state.createChar1 ; state.init7 ; state.init6 ; state.init5 ; state.init4 ; state.init3 ; state.init2 ; state.init1 ; state.init0 ;
+----------------------+-------------------+----------------------+-------------+-------------------+-------------------+-------------------+-------------------+-------------------+-------------+-------------+-------------+-------------+-------------+-------------+-------------+-------------+
; state.init0          ; 0                 ; 0                    ; 0           ; 0                 ; 0                 ; 0                 ; 0                 ; 0                 ; 0           ; 0           ; 0           ; 0           ; 0           ; 0           ; 0           ; 0           ;
; state.init1          ; 0                 ; 0                    ; 0           ; 0                 ; 0                 ; 0                 ; 0                 ; 0                 ; 0           ; 0           ; 0           ; 0           ; 0           ; 0           ; 1           ; 1           ;
; state.init2          ; 0                 ; 0                    ; 0           ; 0                 ; 0                 ; 0                 ; 0                 ; 0                 ; 0           ; 0           ; 0           ; 0           ; 0           ; 1           ; 0           ; 1           ;
; state.init3          ; 0                 ; 0                    ; 0           ; 0                 ; 0                 ; 0                 ; 0                 ; 0                 ; 0           ; 0           ; 0           ; 0           ; 1           ; 0           ; 0           ; 1           ;
; state.init4          ; 0                 ; 0                    ; 0           ; 0                 ; 0                 ; 0                 ; 0                 ; 0                 ; 0           ; 0           ; 0           ; 1           ; 0           ; 0           ; 0           ; 1           ;
; state.init5          ; 0                 ; 0                    ; 0           ; 0                 ; 0                 ; 0                 ; 0                 ; 0                 ; 0           ; 0           ; 1           ; 0           ; 0           ; 0           ; 0           ; 1           ;
; state.init6          ; 0                 ; 0                    ; 0           ; 0                 ; 0                 ; 0                 ; 0                 ; 0                 ; 0           ; 1           ; 0           ; 0           ; 0           ; 0           ; 0           ; 1           ;
; state.init7          ; 0                 ; 0                    ; 0           ; 0                 ; 0                 ; 0                 ; 0                 ; 0                 ; 1           ; 0           ; 0           ; 0           ; 0           ; 0           ; 0           ; 1           ;
; state.createChar1    ; 0                 ; 0                    ; 0           ; 0                 ; 0                 ; 0                 ; 0                 ; 1                 ; 0           ; 0           ; 0           ; 0           ; 0           ; 0           ; 0           ; 1           ;
; state.createChar2    ; 0                 ; 0                    ; 0           ; 0                 ; 0                 ; 0                 ; 1                 ; 0                 ; 0           ; 0           ; 0           ; 0           ; 0           ; 0           ; 0           ; 1           ;
; state.createChar3    ; 0                 ; 0                    ; 0           ; 0                 ; 0                 ; 1                 ; 0                 ; 0                 ; 0           ; 0           ; 0           ; 0           ; 0           ; 0           ; 0           ; 1           ;
; state.createChar4    ; 0                 ; 0                    ; 0           ; 0                 ; 1                 ; 0                 ; 0                 ; 0                 ; 0           ; 0           ; 0           ; 0           ; 0           ; 0           ; 0           ; 1           ;
; state.createChar5    ; 0                 ; 0                    ; 0           ; 1                 ; 0                 ; 0                 ; 0                 ; 0                 ; 0           ; 0           ; 0           ; 0           ; 0           ; 0           ; 0           ; 1           ;
; state.ready          ; 0                 ; 0                    ; 1           ; 0                 ; 0                 ; 0                 ; 0                 ; 0                 ; 0           ; 0           ; 0           ; 0           ; 0           ; 0           ; 0           ; 1           ;
; state.sendingAddress ; 0                 ; 1                    ; 0           ; 0                 ; 0                 ; 0                 ; 0                 ; 0                 ; 0           ; 0           ; 0           ; 0           ; 0           ; 0           ; 0           ; 1           ;
; state.sendingData    ; 1                 ; 0                    ; 0           ; 0                 ; 0                 ; 0                 ; 0                 ; 0                 ; 0           ; 0           ; 0           ; 0           ; 0           ; 0           ; 0           ; 1           ;
+----------------------+-------------------+----------------------+-------------+-------------------+-------------------+-------------------+-------------------+-------------------+-------------+-------------+-------------+-------------+-------------+-------------+-------------+-------------+


+-------------------------------------------------------------------------------------------------------+
; Registers Removed During Synthesis                                                                    ;
+---------------------------------------------+---------------------------------------------------------+
; Register name                               ; Reason for Removal                                      ;
+---------------------------------------------+---------------------------------------------------------+
; dataToLcd:inst4|lcd_data[7]                 ; Stuck at GND due to stuck port data_in                  ;
; lcd_driver2:inst5|dataStorage[7]            ; Stuck at GND due to stuck port data_in                  ;
; dataToLcd:inst4|state.init                  ; Stuck at GND due to stuck port data_in                  ;
; ultrasound_controller:inst2|tmpdistance[20] ; Merged with ultrasound_controller:inst2|tmpdistance[19] ;
; ultrasound_controller:inst2|tmpdistance[19] ; Merged with ultrasound_controller:inst2|tmpdistance[18] ;
; ultrasound_controller:inst2|tmpdistance[18] ; Merged with ultrasound_controller:inst2|tmpdistance[17] ;
; ultrasound_controller:inst2|tmpdistance[17] ; Merged with ultrasound_controller:inst2|tmpdistance[16] ;
; ultrasound_controller:inst2|tmpdistance[16] ; Merged with ultrasound_controller:inst2|tmpdistance[15] ;
; ultrasound_controller:inst2|tmpdistance[15] ; Merged with ultrasound_controller:inst2|tmpdistance[14] ;
; ultrasound_controller:inst2|tmpdistance[14] ; Merged with ultrasound_controller:inst2|tmpdistance[13] ;
; ultrasound_controller:inst2|tmpdistance[13] ; Merged with ultrasound_controller:inst2|tmpdistance[12] ;
; ultrasound_controller:inst2|tmpdistance[12] ; Merged with ultrasound_controller:inst2|tmpdistance[11] ;
; ultrasound_controller:inst2|tmpdistance[11] ; Merged with ultrasound_controller:inst2|tmpdistance[10] ;
; ultrasound_controller:inst3|tmpdistance[20] ; Merged with ultrasound_controller:inst3|tmpdistance[19] ;
; ultrasound_controller:inst3|tmpdistance[19] ; Merged with ultrasound_controller:inst3|tmpdistance[18] ;
; ultrasound_controller:inst3|tmpdistance[18] ; Merged with ultrasound_controller:inst3|tmpdistance[17] ;
; ultrasound_controller:inst3|tmpdistance[17] ; Merged with ultrasound_controller:inst3|tmpdistance[16] ;
; ultrasound_controller:inst3|tmpdistance[16] ; Merged with ultrasound_controller:inst3|tmpdistance[15] ;
; ultrasound_controller:inst3|tmpdistance[15] ; Merged with ultrasound_controller:inst3|tmpdistance[14] ;
; ultrasound_controller:inst3|tmpdistance[14] ; Merged with ultrasound_controller:inst3|tmpdistance[13] ;
; ultrasound_controller:inst3|tmpdistance[13] ; Merged with ultrasound_controller:inst3|tmpdistance[12] ;
; ultrasound_controller:inst3|tmpdistance[12] ; Merged with ultrasound_controller:inst3|tmpdistance[11] ;
; ultrasound_controller:inst3|tmpdistance[11] ; Merged with ultrasound_controller:inst3|tmpdistance[10] ;
; ultrasound_controller:inst1|tmpdistance[20] ; Merged with ultrasound_controller:inst1|tmpdistance[19] ;
; ultrasound_controller:inst1|tmpdistance[19] ; Merged with ultrasound_controller:inst1|tmpdistance[18] ;
; ultrasound_controller:inst1|tmpdistance[18] ; Merged with ultrasound_controller:inst1|tmpdistance[17] ;
; ultrasound_controller:inst1|tmpdistance[17] ; Merged with ultrasound_controller:inst1|tmpdistance[16] ;
; ultrasound_controller:inst1|tmpdistance[16] ; Merged with ultrasound_controller:inst1|tmpdistance[15] ;
; ultrasound_controller:inst1|tmpdistance[15] ; Merged with ultrasound_controller:inst1|tmpdistance[14] ;
; ultrasound_controller:inst1|tmpdistance[14] ; Merged with ultrasound_controller:inst1|tmpdistance[13] ;
; ultrasound_controller:inst1|tmpdistance[13] ; Merged with ultrasound_controller:inst1|tmpdistance[12] ;
; ultrasound_controller:inst1|tmpdistance[12] ; Merged with ultrasound_controller:inst1|tmpdistance[11] ;
; ultrasound_controller:inst1|tmpdistance[11] ; Merged with ultrasound_controller:inst1|tmpdistance[10] ;
; Total Number of Removed Registers = 33      ;                                                         ;
+---------------------------------------------+---------------------------------------------------------+


+--------------------------------------------------------------------------------------------------+
; Removed Registers Triggering Further Register Optimizations                                      ;
+-----------------------------+---------------------------+----------------------------------------+
; Register name               ; Reason for Removal        ; Registers Removed due to This Register ;
+-----------------------------+---------------------------+----------------------------------------+
; dataToLcd:inst4|lcd_data[7] ; Stuck at GND              ; lcd_driver2:inst5|dataStorage[7]       ;
;                             ; due to stuck port data_in ;                                        ;
+-----------------------------+---------------------------+----------------------------------------+


+------------------------------------------------------+
; General Register Statistics                          ;
+----------------------------------------------+-------+
; Statistic                                    ; Value ;
+----------------------------------------------+-------+
; Total registers                              ; 344   ;
; Number of registers using Synchronous Clear  ; 185   ;
; Number of registers using Synchronous Load   ; 52    ;
; Number of registers using Asynchronous Clear ; 0     ;
; Number of registers using Asynchronous Load  ; 0     ;
; Number of registers using Clock Enable       ; 181   ;
; Number of registers using Preset             ; 0     ;
+----------------------------------------------+-------+


+-------------------------------------------------------+
; Inverted Register Statistics                          ;
+---------------------------------------------+---------+
; Inverted Register                           ; Fan out ;
+---------------------------------------------+---------+
; lcd_driver2:inst5|dataStorage[6]            ; 1       ;
; lcd_driver2:inst5|dataStorage[5]            ; 1       ;
; lcd_driver2:inst5|dataStorage[2]            ; 1       ;
; lcd_driver2:inst5|dataStorage[1]            ; 1       ;
; ultrasound_controller:inst1|tmpdistance[4]  ; 1       ;
; ultrasound_controller:inst1|tmpdistance[8]  ; 8       ;
; ultrasound_controller:inst1|tmpdistance[9]  ; 8       ;
; ultrasound_controller:inst1|tmpdistance[10] ; 8       ;
; ultrasound_controller:inst1|tmpdistance[5]  ; 1       ;
; ultrasound_controller:inst1|tmpdistance[6]  ; 1       ;
; ultrasound_controller:inst1|tmpdistance[7]  ; 1       ;
; ultrasound_controller:inst1|tmpdistance[3]  ; 1       ;
; ultrasound_controller:inst1|tmpdistance[2]  ; 1       ;
; ultrasound_controller:inst1|tmpdistance[0]  ; 1       ;
; ultrasound_controller:inst1|tmpdistance[1]  ; 1       ;
; ultrasound_controller:inst2|tmpdistance[4]  ; 1       ;
; ultrasound_controller:inst2|tmpdistance[8]  ; 8       ;
; ultrasound_controller:inst2|tmpdistance[9]  ; 8       ;
; ultrasound_controller:inst2|tmpdistance[10] ; 8       ;
; ultrasound_controller:inst2|tmpdistance[5]  ; 1       ;
; ultrasound_controller:inst2|tmpdistance[6]  ; 1       ;
; ultrasound_controller:inst2|tmpdistance[7]  ; 1       ;
; ultrasound_controller:inst2|tmpdistance[2]  ; 1       ;
; ultrasound_controller:inst2|tmpdistance[0]  ; 1       ;
; ultrasound_controller:inst2|tmpdistance[1]  ; 1       ;
; ultrasound_controller:inst2|tmpdistance[3]  ; 1       ;
; ultrasound_controller:inst3|tmpdistance[4]  ; 1       ;
; ultrasound_controller:inst3|tmpdistance[8]  ; 8       ;
; ultrasound_controller:inst3|tmpdistance[9]  ; 8       ;
; ultrasound_controller:inst3|tmpdistance[10] ; 8       ;
; ultrasound_controller:inst3|tmpdistance[5]  ; 1       ;
; ultrasound_controller:inst3|tmpdistance[6]  ; 1       ;
; ultrasound_controller:inst3|tmpdistance[7]  ; 1       ;
; ultrasound_controller:inst3|tmpdistance[2]  ; 1       ;
; ultrasound_controller:inst3|tmpdistance[0]  ; 1       ;
; ultrasound_controller:inst3|tmpdistance[1]  ; 1       ;
; ultrasound_controller:inst3|tmpdistance[3]  ; 1       ;
; Total number of inverted registers = 37     ;         ;
+---------------------------------------------+---------+


+------------------------------------------------------------------------------------------------------------------------------------------------------------------------------+
; Multiplexer Restructuring Statistics (Restructuring Performed)                                                                                                               ;
+--------------------+-----------+---------------+----------------------+------------------------+------------+----------------------------------------------------------------+
; Multiplexer Inputs ; Bus Width ; Baseline Area ; Area if Restructured ; Saving if Restructured ; Registered ; Example Multiplexer Output                                     ;
+--------------------+-----------+---------------+----------------------+------------------------+------------+----------------------------------------------------------------+
; 4:1                ; 2 bits    ; 4 LEs         ; 2 LEs                ; 2 LEs                  ; Yes        ; |ultrasound_reader|dataToLcd:inst4|lineCount[0]                ;
; 4:1                ; 31 bits   ; 62 LEs        ; 31 LEs               ; 31 LEs                 ; Yes        ; |ultrasound_reader|lcd_driver2:inst5|charCreationCounter[2]    ;
; 4:1                ; 3 bits    ; 6 LEs         ; 6 LEs                ; 0 LEs                  ; Yes        ; |ultrasound_reader|controller:inst|enable_1                    ;
; 5:1                ; 3 bits    ; 9 LEs         ; 6 LEs                ; 3 LEs                  ; Yes        ; |ultrasound_reader|controller:inst|enable_vector[0]            ;
; 5:1                ; 7 bits    ; 21 LEs        ; 14 LEs               ; 7 LEs                  ; Yes        ; |ultrasound_reader|dataToLcd:inst4|data_1_storage[1]           ;
; 5:1                ; 7 bits    ; 21 LEs        ; 14 LEs               ; 7 LEs                  ; Yes        ; |ultrasound_reader|dataToLcd:inst4|data_3_storage[6]           ;
; 5:1                ; 7 bits    ; 21 LEs        ; 14 LEs               ; 7 LEs                  ; Yes        ; |ultrasound_reader|dataToLcd:inst4|data_2_storage[5]           ;
; 6:1                ; 5 bits    ; 20 LEs        ; 5 LEs                ; 15 LEs                 ; Yes        ; |ultrasound_reader|dataToLcd:inst4|charCount[1]                ;
; 6:1                ; 31 bits   ; 124 LEs       ; 31 LEs               ; 93 LEs                 ; Yes        ; |ultrasound_reader|dataToLcd:inst4|counter[9]                  ;
; 11:1               ; 21 bits   ; 147 LEs       ; 21 LEs               ; 126 LEs                ; Yes        ; |ultrasound_reader|ultrasound_controller:inst2|counter[7]      ;
; 11:1               ; 21 bits   ; 147 LEs       ; 21 LEs               ; 126 LEs                ; Yes        ; |ultrasound_reader|ultrasound_controller:inst3|counter[17]     ;
; 11:1               ; 21 bits   ; 147 LEs       ; 21 LEs               ; 126 LEs                ; Yes        ; |ultrasound_reader|ultrasound_controller:inst1|counter[13]     ;
; 17:1               ; 3 bits    ; 33 LEs        ; 18 LEs               ; 15 LEs                 ; Yes        ; |ultrasound_reader|ultrasound_controller:inst2|state[2]        ;
; 17:1               ; 3 bits    ; 33 LEs        ; 18 LEs               ; 15 LEs                 ; Yes        ; |ultrasound_reader|ultrasound_controller:inst3|state[0]        ;
; 17:1               ; 3 bits    ; 33 LEs        ; 18 LEs               ; 15 LEs                 ; Yes        ; |ultrasound_reader|ultrasound_controller:inst1|state[2]        ;
; 17:1               ; 31 bits   ; 341 LEs       ; 31 LEs               ; 310 LEs                ; Yes        ; |ultrasound_reader|lcd_driver2:inst5|counter[21]               ;
; 3:1                ; 21 bits   ; 42 LEs        ; 21 LEs               ; 21 LEs                 ; Yes        ; |ultrasound_reader|ultrasound_controller:inst2|tmpdistance[20] ;
; 3:1                ; 21 bits   ; 42 LEs        ; 21 LEs               ; 21 LEs                 ; Yes        ; |ultrasound_reader|ultrasound_controller:inst3|tmpdistance[6]  ;
; 3:1                ; 21 bits   ; 42 LEs        ; 21 LEs               ; 21 LEs                 ; Yes        ; |ultrasound_reader|ultrasound_controller:inst1|tmpdistance[12] ;
; 3:1                ; 2 bits    ; 4 LEs         ; 2 LEs                ; 2 LEs                  ; No         ; |ultrasound_reader|dataToLcd:inst4|lcd_data                    ;
; 3:1                ; 2 bits    ; 4 LEs         ; 4 LEs                ; 0 LEs                  ; No         ; |ultrasound_reader|dataToLcd:inst4|state                       ;
; 14:1               ; 11 bits   ; 99 LEs        ; 88 LEs               ; 11 LEs                 ; No         ; |ultrasound_reader|lcd_driver2:inst5|state                     ;
; 21:1               ; 7 bits    ; 98 LEs        ; 98 LEs               ; 0 LEs                  ; No         ; |ultrasound_reader|lcd_driver2:inst5|dataOut[6]                ;
+--------------------+-----------+---------------+----------------------+------------------------+------------+----------------------------------------------------------------+


+----------------------------------------------------------------------------------------------+
; Parameter Settings for Inferred Entity Instance: ultrasound_controller:inst1|lpm_divide:Div0 ;
+------------------------+----------------+----------------------------------------------------+
; Parameter Name         ; Value          ; Type                                               ;
+------------------------+----------------+----------------------------------------------------+
; LPM_WIDTHN             ; 21             ; Untyped                                            ;
; LPM_WIDTHD             ; 21             ; Untyped                                            ;
; LPM_NREPRESENTATION    ; UNSIGNED       ; Untyped                                            ;
; LPM_DREPRESENTATION    ; UNSIGNED       ; Untyped                                            ;
; LPM_PIPELINE           ; 0              ; Untyped                                            ;
; LPM_REMAINDERPOSITIVE  ; TRUE           ; Untyped                                            ;
; MAXIMIZE_SPEED         ; 5              ; Untyped                                            ;
; CBXI_PARAMETER         ; lpm_divide_ekm ; Untyped                                            ;
; CARRY_CHAIN            ; MANUAL         ; Untyped                                            ;
; OPTIMIZE_FOR_SPEED     ; 5              ; Untyped                                            ;
; AUTO_CARRY_CHAINS      ; ON             ; AUTO_CARRY                                         ;
; IGNORE_CARRY_BUFFERS   ; OFF            ; IGNORE_CARRY                                       ;
; AUTO_CASCADE_CHAINS    ; ON             ; AUTO_CASCADE                                       ;
; IGNORE_CASCADE_BUFFERS ; OFF            ; IGNORE_CASCADE                                     ;
+------------------------+----------------+----------------------------------------------------+
Note: In order to hide this table in the UI and the text report file, please set the "Show Parameter Settings in Synthesis Report" option in "Analysis and Synthesis Settings -> More Settings" to "Off".


+----------------------------------------------------------------------------------------------+
; Parameter Settings for Inferred Entity Instance: ultrasound_controller:inst3|lpm_divide:Div0 ;
+------------------------+----------------+----------------------------------------------------+
; Parameter Name         ; Value          ; Type                                               ;
+------------------------+----------------+----------------------------------------------------+
; LPM_WIDTHN             ; 21             ; Untyped                                            ;
; LPM_WIDTHD             ; 21             ; Untyped                                            ;
; LPM_NREPRESENTATION    ; UNSIGNED       ; Untyped                                            ;
; LPM_DREPRESENTATION    ; UNSIGNED       ; Untyped                                            ;
; LPM_PIPELINE           ; 0              ; Untyped                                            ;
; LPM_REMAINDERPOSITIVE  ; TRUE           ; Untyped                                            ;
; MAXIMIZE_SPEED         ; 5              ; Untyped                                            ;
; CBXI_PARAMETER         ; lpm_divide_ekm ; Untyped                                            ;
; CARRY_CHAIN            ; MANUAL         ; Untyped                                            ;
; OPTIMIZE_FOR_SPEED     ; 5              ; Untyped                                            ;
; AUTO_CARRY_CHAINS      ; ON             ; AUTO_CARRY                                         ;
; IGNORE_CARRY_BUFFERS   ; OFF            ; IGNORE_CARRY                                       ;
; AUTO_CASCADE_CHAINS    ; ON             ; AUTO_CASCADE                                       ;
; IGNORE_CASCADE_BUFFERS ; OFF            ; IGNORE_CASCADE                                     ;
+------------------------+----------------+----------------------------------------------------+
Note: In order to hide this table in the UI and the text report file, please set the "Show Parameter Settings in Synthesis Report" option in "Analysis and Synthesis Settings -> More Settings" to "Off".


+----------------------------------------------------------------------------------------------+
; Parameter Settings for Inferred Entity Instance: ultrasound_controller:inst2|lpm_divide:Div0 ;
+------------------------+----------------+----------------------------------------------------+
; Parameter Name         ; Value          ; Type                                               ;
+------------------------+----------------+----------------------------------------------------+
; LPM_WIDTHN             ; 21             ; Untyped                                            ;
; LPM_WIDTHD             ; 21             ; Untyped                                            ;
; LPM_NREPRESENTATION    ; UNSIGNED       ; Untyped                                            ;
; LPM_DREPRESENTATION    ; UNSIGNED       ; Untyped                                            ;
; LPM_PIPELINE           ; 0              ; Untyped                                            ;
; LPM_REMAINDERPOSITIVE  ; TRUE           ; Untyped                                            ;
; MAXIMIZE_SPEED         ; 5              ; Untyped                                            ;
; CBXI_PARAMETER         ; lpm_divide_ekm ; Untyped                                            ;
; CARRY_CHAIN            ; MANUAL         ; Untyped                                            ;
; OPTIMIZE_FOR_SPEED     ; 5              ; Untyped                                            ;
; AUTO_CARRY_CHAINS      ; ON             ; AUTO_CARRY                                         ;
; IGNORE_CARRY_BUFFERS   ; OFF            ; IGNORE_CARRY                                       ;
; AUTO_CASCADE_CHAINS    ; ON             ; AUTO_CASCADE                                       ;
; IGNORE_CASCADE_BUFFERS ; OFF            ; IGNORE_CASCADE                                     ;
+------------------------+----------------+----------------------------------------------------+
Note: In order to hide this table in the UI and the text report file, please set the "Show Parameter Settings in Synthesis Report" option in "Analysis and Synthesis Settings -> More Settings" to "Off".


+-----------------------------------------------------+
; Post-Synthesis Netlist Statistics for Top Partition ;
+-----------------------+-----------------------------+
; Type                  ; Count                       ;
+-----------------------+-----------------------------+
; boundary_port         ; 15                          ;
; cycloneiii_ff         ; 344                         ;
;     ENA               ; 58                          ;
;     ENA SCLR          ; 102                         ;
;     ENA SCLR SLD      ; 21                          ;
;     SCLR              ; 62                          ;
;     SLD               ; 31                          ;
;     plain             ; 70                          ;
; cycloneiii_io_obuf    ; 3                           ;
; cycloneiii_lcell_comb ; 2038                        ;
;     arith             ; 656                         ;
;         2 data inputs ; 251                         ;
;         3 data inputs ; 405                         ;
;     normal            ; 1382                        ;
;         0 data inputs ; 31                          ;
;         1 data inputs ; 17                          ;
;         2 data inputs ; 547                         ;
;         3 data inputs ; 70                          ;
;         4 data inputs ; 717                         ;
;                       ;                             ;
; Max LUT depth         ; 34.50                       ;
; Average LUT depth     ; 21.18                       ;
+-----------------------+-----------------------------+


+-------------------------------+
; Elapsed Time Per Partition    ;
+----------------+--------------+
; Partition Name ; Elapsed Time ;
+----------------+--------------+
; Top            ; 00:00:06     ;
+----------------+--------------+


+-------------------------------+
; Analysis & Synthesis Messages ;
+-------------------------------+
Info: *******************************************************************
Info: Running Quartus Prime Analysis & Synthesis
    Info: Version 18.0.0 Build 614 04/24/2018 SJ Lite Edition
    Info: Processing started: Tue Jun 19 19:02:21 2018
Info: Command: quartus_map --read_settings_files=on --write_settings_files=off Ultrasound_controller -c Ultrasound_controller
Warning (18236): Number of processors has not been specified which may cause overloading on shared machines.  Set the global assignment NUM_PARALLEL_PROCESSORS in your QSF to an appropriate value for best performance.
Info (20030): Parallel compilation is enabled and will use 2 of the 2 processors detected
Info (12021): Found 2 design units, including 1 entities, in source file vhdl/lcd_driver2.vhd
    Info (12022): Found design unit 1: lcd_driver2-behavior File: C:/Users/Quoc-Huy/Documents/GitHub/HWP/huy/Blatt 06/Ultrasound_controller_restored/vhdl/lcd_driver2.vhd Line: 34
    Info (12023): Found entity 1: lcd_driver2 File: C:/Users/Quoc-Huy/Documents/GitHub/HWP/huy/Blatt 06/Ultrasound_controller_restored/vhdl/lcd_driver2.vhd Line: 12
Info (12021): Found 2 design units, including 1 entities, in source file vhdl/datatolcd.vhd
    Info (12022): Found design unit 1: dataToLcd-behavior File: C:/Users/Quoc-Huy/Documents/GitHub/HWP/huy/Blatt 06/Ultrasound_controller_restored/vhdl/dataToLcd.vhd Line: 29
    Info (12023): Found entity 1: dataToLcd File: C:/Users/Quoc-Huy/Documents/GitHub/HWP/huy/Blatt 06/Ultrasound_controller_restored/vhdl/dataToLcd.vhd Line: 10
Info (12021): Found 2 design units, including 1 entities, in source file vhdl/ultrasound_controller.vhd
    Info (12022): Found design unit 1: ultrasound_controller-behavior File: C:/Users/Quoc-Huy/Documents/GitHub/HWP/huy/Blatt 06/Ultrasound_controller_restored/vhdl/ultrasound_controller.vhd Line: 24
    Info (12023): Found entity 1: ultrasound_controller File: C:/Users/Quoc-Huy/Documents/GitHub/HWP/huy/Blatt 06/Ultrasound_controller_restored/vhdl/ultrasound_controller.vhd Line: 5
Info (12021): Found 2 design units, including 1 entities, in source file vhdl/controller.vhd
    Info (12022): Found design unit 1: controller-behavior File: C:/Users/Quoc-Huy/Documents/GitHub/HWP/huy/Blatt 06/Ultrasound_controller_restored/vhdl/controller.vhd Line: 20
    Info (12023): Found entity 1: controller File: C:/Users/Quoc-Huy/Documents/GitHub/HWP/huy/Blatt 06/Ultrasound_controller_restored/vhdl/controller.vhd Line: 6
Info (12021): Found 1 design units, including 1 entities, in source file block/ultrasound_reader.bdf
    Info (12023): Found entity 1: ultrasound_reader
Info (12127): Elaborating entity "ultrasound_reader" for the top level hierarchy
Info (12128): Elaborating entity "lcd_driver2" for hierarchy "lcd_driver2:inst5"
Info (12128): Elaborating entity "dataToLcd" for hierarchy "dataToLcd:inst4"
Info (12128): Elaborating entity "ultrasound_controller" for hierarchy "ultrasound_controller:inst1"
Info (12128): Elaborating entity "controller" for hierarchy "controller:inst"
Info (278001): Inferred 3 megafunctions from design logic
    Info (278004): Inferred divider/modulo megafunction ("lpm_divide") from the following logic: "ultrasound_controller:inst1|Div0" File: C:/Users/Quoc-Huy/Documents/GitHub/HWP/huy/Blatt 06/Ultrasound_controller_restored/vhdl/ultrasound_controller.vhd Line: 66
    Info (278004): Inferred divider/modulo megafunction ("lpm_divide") from the following logic: "ultrasound_controller:inst3|Div0" File: C:/Users/Quoc-Huy/Documents/GitHub/HWP/huy/Blatt 06/Ultrasound_controller_restored/vhdl/ultrasound_controller.vhd Line: 66
    Info (278004): Inferred divider/modulo megafunction ("lpm_divide") from the following logic: "ultrasound_controller:inst2|Div0" File: C:/Users/Quoc-Huy/Documents/GitHub/HWP/huy/Blatt 06/Ultrasound_controller_restored/vhdl/ultrasound_controller.vhd Line: 66
Info (12130): Elaborated megafunction instantiation "ultrasound_controller:inst1|lpm_divide:Div0" File: C:/Users/Quoc-Huy/Documents/GitHub/HWP/huy/Blatt 06/Ultrasound_controller_restored/vhdl/ultrasound_controller.vhd Line: 66
Info (12133): Instantiated megafunction "ultrasound_controller:inst1|lpm_divide:Div0" with the following parameter: File: C:/Users/Quoc-Huy/Documents/GitHub/HWP/huy/Blatt 06/Ultrasound_controller_restored/vhdl/ultrasound_controller.vhd Line: 66
    Info (12134): Parameter "LPM_WIDTHN" = "21"
    Info (12134): Parameter "LPM_WIDTHD" = "21"
    Info (12134): Parameter "LPM_NREPRESENTATION" = "UNSIGNED"
    Info (12134): Parameter "LPM_DREPRESENTATION" = "UNSIGNED"
Info (12021): Found 1 design units, including 1 entities, in source file db/lpm_divide_ekm.tdf
    Info (12023): Found entity 1: lpm_divide_ekm File: C:/Users/Quoc-Huy/Documents/GitHub/HWP/huy/Blatt 06/Ultrasound_controller_restored/db/lpm_divide_ekm.tdf Line: 24
Info (12021): Found 1 design units, including 1 entities, in source file db/sign_div_unsign_6nh.tdf
    Info (12023): Found entity 1: sign_div_unsign_6nh File: C:/Users/Quoc-Huy/Documents/GitHub/HWP/huy/Blatt 06/Ultrasound_controller_restored/db/sign_div_unsign_6nh.tdf Line: 24
Info (12021): Found 1 design units, including 1 entities, in source file db/alt_u_div_v9f.tdf
    Info (12023): Found entity 1: alt_u_div_v9f File: C:/Users/Quoc-Huy/Documents/GitHub/HWP/huy/Blatt 06/Ultrasound_controller_restored/db/alt_u_div_v9f.tdf Line: 26
Info (12021): Found 1 design units, including 1 entities, in source file db/add_sub_7pc.tdf
    Info (12023): Found entity 1: add_sub_7pc File: C:/Users/Quoc-Huy/Documents/GitHub/HWP/huy/Blatt 06/Ultrasound_controller_restored/db/add_sub_7pc.tdf Line: 22
Info (12021): Found 1 design units, including 1 entities, in source file db/add_sub_8pc.tdf
    Info (12023): Found entity 1: add_sub_8pc File: C:/Users/Quoc-Huy/Documents/GitHub/HWP/huy/Blatt 06/Ultrasound_controller_restored/db/add_sub_8pc.tdf Line: 22
Warning (13024): Output pins are stuck at VCC or GND
    Warning (13410): Pin "lcd_rw" is stuck at GND
Info (286030): Timing-Driven Synthesis is running
Info (16010): Generating hard_block partition "hard_block:auto_generated_inst"
    Info (16011): Adding 0 node(s), including 0 DDIO, 0 PLL, 0 transceiver and 0 LCELL
Info (21057): Implemented 2071 device resources after synthesis - the final resource count might be different
    Info (21058): Implemented 1 input pins
    Info (21059): Implemented 11 output pins
    Info (21060): Implemented 3 bidirectional pins
    Info (21061): Implemented 2056 logic cells
Info: Quartus Prime Analysis & Synthesis was successful. 0 errors, 3 warnings
    Info: Peak virtual memory: 4834 megabytes
    Info: Processing ended: Tue Jun 19 19:02:50 2018
    Info: Elapsed time: 00:00:29
    Info: Total CPU time (on all processors): 00:00:56


